IP Generator (Version 2022.2-SP6.4 build 146967)
Check out license ...
Start generating at 2025-11-04 16:33
Instance: fft_ram (C:\Users\LENOVO\Desktop\modify\ipcore\fft_ram\fft_ram.idf)
IP: Pango DRM Based Simple Dual Port RAM (1.8)
Part: Logos-PGL50H-FBG484--5
Create directory 'rtl' ...
Copy 'rtl\ipml_sdpram_v1_8.v.xml' to 'rtl' ...
Compile file 'rtl\ipml_sdpram_v1_8.v.xml' to 'rtl\ipml_sdpram_v1_8_fft_ram.v' ...
Copy 'ipml_sdpram_wrapper_v1_8.v.xml' ...
Compile file 'ipml_sdpram_wrapper_v1_8.v.xml' to 'fft_ram.v' ...
Found top module 'fft_ram' in file 'fft_ram.v'.
Copy 'ipml_sdpram_wrapper_v1_3_tb.v.xml' ...
Compile file 'ipml_sdpram_wrapper_v1_3_tb.v.xml' to 'fft_ram_tb.v' ...
Copy 'init_param_bin_exmp.dat' ...
Copy 'init_param_hex_exmp.dat' ...
Run file 'createParam.tcl' ...
Create template file 'fft_ram_tmpl.v' ...
Create template file 'fft_ram_tmpl.vhdl' ...
There are 2 source files to synthesize.
Synthesis is disabled.
Done: 0 error(s), 0 warning(s)
