#Build: Fabric Compiler 2022.2-SP6.4, Build 146967, Jan 31 01:39 2024
#Install: D:\pds\PDS_2022.2-SP6.4\bin
#Application name: pds_shell.exe
#OS: Windows 10 10.0.19045
#Hostname: LAPTOP-IN7AKH45
Generated by Fabric Compiler (version 2022.2-SP6.4 build 146967) at Thu Nov  6 17:12:30 2025
License checkout: fabric_ads from C:\Users\LENOVO\Desktop\new_pds_4c796e4034d6.lic
Compiling verification operator library.
Loading technology operator library.
Compiling technology operator library.
Compiling technology operator (valence) library.
I: Enable Verilog2k features and keywords
Start rtl-analyze.
Executing : .rtl_analyze -work work -include_path {C:/Users/LENOVO/Desktop/backup3} C:/Users/LENOVO/Desktop/backup3/source/ad_da_hdmi_top.v
I: Verilog-0001: Analyzing file C:/Users/LENOVO/Desktop/backup3/source/ad_da_hdmi_top.v
I: Verilog-0002: [C:/Users/LENOVO/Desktop/backup3/source/ad_da_hdmi_top.v(line number: 1)] Analyzing module ad_da_hdmi_top (library work)
W: Verilog-2002: [C:/Users/LENOVO/Desktop/backup3/source/ad_da_hdmi_top.v(line number: 241)] Compiler directive timescale is not allowed here
E: Verilog-4066: [C:/Users/LENOVO/Desktop/backup3/source/ad_da_hdmi_top.v(line number: 593)] Variable rst_n is not a function
E: Verilog-4066: [C:/Users/LENOVO/Desktop/backup3/source/ad_da_hdmi_top.v(line number: 596)] Variable uart_tx is not a function
E: Parsing ERROR.
Executing : .rtl_analyze -work work -include_path {C:/Users/LENOVO/Desktop/backup3} C:/Users/LENOVO/Desktop/backup3/source/ad_da_hdmi_top.v successfully.
Executing : .rtl_analyze -work work -include_path {C:/Users/LENOVO/Desktop/backup3} C:/Users/LENOVO/Desktop/backup3/source/grid_display.v
I: Verilog-0001: Analyzing file C:/Users/LENOVO/Desktop/backup3/source/grid_display.v
I: Verilog-0002: [C:/Users/LENOVO/Desktop/backup3/source/grid_display.v(line number: 1)] Analyzing module grid_display (library work)
Parsing done.
Executing : .rtl_analyze -work work -include_path {C:/Users/LENOVO/Desktop/backup3} C:/Users/LENOVO/Desktop/backup3/source/grid_display.v successfully.
Executing : .rtl_analyze -work work -include_path {C:/Users/LENOVO/Desktop/backup3} C:/Users/LENOVO/Desktop/backup3/source/hdmi_test.v
I: Verilog-0001: Analyzing file C:/Users/LENOVO/Desktop/backup3/source/hdmi_test.v
I: Verilog-0002: [C:/Users/LENOVO/Desktop/backup3/source/hdmi_test.v(line number: 5)] Analyzing module hdmi_test (library work)
Parsing done.
Executing : .rtl_analyze -work work -include_path {C:/Users/LENOVO/Desktop/backup3} C:/Users/LENOVO/Desktop/backup3/source/hdmi_test.v successfully.
Executing : .rtl_analyze -work work -include_path {C:/Users/LENOVO/Desktop/backup3} C:/Users/LENOVO/Desktop/backup3/source/iic_dri.v
I: Verilog-0001: Analyzing file C:/Users/LENOVO/Desktop/backup3/source/iic_dri.v
I: Verilog-0002: [C:/Users/LENOVO/Desktop/backup3/source/iic_dri.v(line number: 23)] Analyzing module iic_dri (library work)
Parsing done.
Executing : .rtl_analyze -work work -include_path {C:/Users/LENOVO/Desktop/backup3} C:/Users/LENOVO/Desktop/backup3/source/iic_dri.v successfully.
Executing : .rtl_analyze -work work -include_path {C:/Users/LENOVO/Desktop/backup3} C:/Users/LENOVO/Desktop/backup3/source/ms72xx_ctl.v
I: Verilog-0001: Analyzing file C:/Users/LENOVO/Desktop/backup3/source/ms72xx_ctl.v
I: Verilog-0002: [C:/Users/LENOVO/Desktop/backup3/source/ms72xx_ctl.v(line number: 22)] Analyzing module ms72xx_ctl (library work)
Parsing done.
Executing : .rtl_analyze -work work -include_path {C:/Users/LENOVO/Desktop/backup3} C:/Users/LENOVO/Desktop/backup3/source/ms72xx_ctl.v successfully.
Executing : .rtl_analyze -work work -include_path {C:/Users/LENOVO/Desktop/backup3} C:/Users/LENOVO/Desktop/backup3/source/ms7200_ctl.v
I: Verilog-0001: Analyzing file C:/Users/LENOVO/Desktop/backup3/source/ms7200_ctl.v
I: Verilog-0002: [C:/Users/LENOVO/Desktop/backup3/source/ms7200_ctl.v(line number: 22)] Analyzing module ms7200_ctl (library work)
Parsing done.
Executing : .rtl_analyze -work work -include_path {C:/Users/LENOVO/Desktop/backup3} C:/Users/LENOVO/Desktop/backup3/source/ms7200_ctl.v successfully.
Executing : .rtl_analyze -work work -include_path {C:/Users/LENOVO/Desktop/backup3} C:/Users/LENOVO/Desktop/backup3/source/ms7210_ctl.v
I: Verilog-0001: Analyzing file C:/Users/LENOVO/Desktop/backup3/source/ms7210_ctl.v
I: Verilog-0002: [C:/Users/LENOVO/Desktop/backup3/source/ms7210_ctl.v(line number: 22)] Analyzing module ms7210_ctl (library work)
Parsing done.
Executing : .rtl_analyze -work work -include_path {C:/Users/LENOVO/Desktop/backup3} C:/Users/LENOVO/Desktop/backup3/source/ms7210_ctl.v successfully.
Executing : .rtl_analyze -work work -include_path {C:/Users/LENOVO/Desktop/backup3} C:/Users/LENOVO/Desktop/backup3/source/pattern_vg.v
I: Verilog-0001: Analyzing file C:/Users/LENOVO/Desktop/backup3/source/pattern_vg.v
I: Verilog-0002: [C:/Users/LENOVO/Desktop/backup3/source/pattern_vg.v(line number: 6)] Analyzing module pattern_vg (library work)
Parsing done.
Executing : .rtl_analyze -work work -include_path {C:/Users/LENOVO/Desktop/backup3} C:/Users/LENOVO/Desktop/backup3/source/pattern_vg.v successfully.
Executing : .rtl_analyze -work work -include_path {C:/Users/LENOVO/Desktop/backup3} C:/Users/LENOVO/Desktop/backup3/source/sync_vg.v
I: Verilog-0001: Analyzing file C:/Users/LENOVO/Desktop/backup3/source/sync_vg.v
I: Verilog-0002: [C:/Users/LENOVO/Desktop/backup3/source/sync_vg.v(line number: 34)] Analyzing module sync_vg (library work)
Parsing done.
Executing : .rtl_analyze -work work -include_path {C:/Users/LENOVO/Desktop/backup3} C:/Users/LENOVO/Desktop/backup3/source/sync_vg.v successfully.
Executing : .rtl_analyze -work work -include_path {C:/Users/LENOVO/Desktop/backup3} C:/Users/LENOVO/Desktop/backup3/source/timing_gen_xy.v
I: Verilog-0001: Analyzing file C:/Users/LENOVO/Desktop/backup3/source/timing_gen_xy.v
I: Verilog-0002: [C:/Users/LENOVO/Desktop/backup3/source/timing_gen_xy.v(line number: 1)] Analyzing module timing_gen_xy (library work)
Parsing done.
Executing : .rtl_analyze -work work -include_path {C:/Users/LENOVO/Desktop/backup3} C:/Users/LENOVO/Desktop/backup3/source/timing_gen_xy.v successfully.
Executing : .rtl_analyze -work work -include_path {C:/Users/LENOVO/Desktop/backup3} C:/Users/LENOVO/Desktop/backup3/source/wav_display.v
I: Verilog-0001: Analyzing file C:/Users/LENOVO/Desktop/backup3/source/wav_display.v
I: Verilog-0002: [C:/Users/LENOVO/Desktop/backup3/source/wav_display.v(line number: 1)] Analyzing module wav_display (library work)
Parsing done.
Executing : .rtl_analyze -work work -include_path {C:/Users/LENOVO/Desktop/backup3} C:/Users/LENOVO/Desktop/backup3/source/wav_display.v successfully.
Executing : .rtl_analyze -work work -include_path {C:/Users/LENOVO/Desktop/backup3} C:/Users/LENOVO/Desktop/backup3/source/fft_process.v
I: Verilog-0001: Analyzing file C:/Users/LENOVO/Desktop/backup3/source/fft_process.v
I: Verilog-0002: [C:/Users/LENOVO/Desktop/backup3/source/fft_process.v(line number: 1)] Analyzing module fft_process (library work)
Parsing done.
Executing : .rtl_analyze -work work -include_path {C:/Users/LENOVO/Desktop/backup3} C:/Users/LENOVO/Desktop/backup3/source/fft_process.v successfully.
Executing : .rtl_analyze -work work -include_path {C:/Users/LENOVO/Desktop/backup3} C:/Users/LENOVO/Desktop/backup3/source/source/fft_top.v
I: Verilog-0001: Analyzing file C:/Users/LENOVO/Desktop/backup3/source/source/fft_top.v
I: Verilog-0002: [C:/Users/LENOVO/Desktop/backup3/source/source/fft_top.v(line number: 1)] Analyzing module fft_top (library work)
Parsing done.
Executing : .rtl_analyze -work work -include_path {C:/Users/LENOVO/Desktop/backup3} C:/Users/LENOVO/Desktop/backup3/source/source/fft_top.v successfully.
Executing : .rtl_analyze -work work -include_path {C:/Users/LENOVO/Desktop/backup3} C:/Users/LENOVO/Desktop/backup3/source/17_fft_HDMI/source/sqrt.v
I: Verilog-0001: Analyzing file C:/Users/LENOVO/Desktop/backup3/source/17_fft_HDMI/source/sqrt.v
I: Verilog-0002: [C:/Users/LENOVO/Desktop/backup3/source/17_fft_HDMI/source/sqrt.v(line number: 1)] Analyzing module sqrt (library work)
Parsing done.
Executing : .rtl_analyze -work work -include_path {C:/Users/LENOVO/Desktop/backup3} C:/Users/LENOVO/Desktop/backup3/source/17_fft_HDMI/source/sqrt.v successfully.
Executing : .rtl_analyze -work work -include_path {C:/Users/LENOVO/Desktop/backup3} C:/Users/LENOVO/Desktop/backup3/source/square.v
I: Verilog-0001: Analyzing file C:/Users/LENOVO/Desktop/backup3/source/square.v
I: Verilog-0002: [C:/Users/LENOVO/Desktop/backup3/source/square.v(line number: 1)] Analyzing module square (library work)
Parsing done.
Executing : .rtl_analyze -work work -include_path {C:/Users/LENOVO/Desktop/backup3} C:/Users/LENOVO/Desktop/backup3/source/square.v successfully.
Executing : .rtl_analyze -work work -include_path {C:/Users/LENOVO/Desktop/backup3} C:/Users/LENOVO/Desktop/backup3/source/edge_spy.v
I: Verilog-0001: Analyzing file C:/Users/LENOVO/Desktop/backup3/source/edge_spy.v
I: Verilog-0002: [C:/Users/LENOVO/Desktop/backup3/source/edge_spy.v(line number: 1)] Analyzing module edge_spy (library work)
Parsing done.
Executing : .rtl_analyze -work work -include_path {C:/Users/LENOVO/Desktop/backup3} C:/Users/LENOVO/Desktop/backup3/source/edge_spy.v successfully.
Executing : .rtl_analyze -work work -include_path {C:/Users/LENOVO/Desktop/backup3} C:/Users/LENOVO/Desktop/backup3/source/char_display.v
I: Verilog-0001: Analyzing file C:/Users/LENOVO/Desktop/backup3/source/char_display.v
I: Verilog-0002: [C:/Users/LENOVO/Desktop/backup3/source/char_display.v(line number: 1)] Analyzing module char_display (library work)
Parsing done.
Executing : .rtl_analyze -work work -include_path {C:/Users/LENOVO/Desktop/backup3} C:/Users/LENOVO/Desktop/backup3/source/char_display.v successfully.
Executing : .rtl_analyze -work work -include_path {C:/Users/LENOVO/Desktop/backup3} C:/Users/LENOVO/Desktop/backup3/source/data_process.v
I: Verilog-0001: Analyzing file C:/Users/LENOVO/Desktop/backup3/source/data_process.v
I: Verilog-0002: [C:/Users/LENOVO/Desktop/backup3/source/data_process.v(line number: 1)] Analyzing module data_process (library work)
Parsing done.
Executing : .rtl_analyze -work work -include_path {C:/Users/LENOVO/Desktop/backup3} C:/Users/LENOVO/Desktop/backup3/source/data_process.v successfully.
Executing : .rtl_analyze -work work -include_path {C:/Users/LENOVO/Desktop/backup3} C:/Users/LENOVO/Desktop/backup3/source/yibiao_1.v
I: Verilog-0001: Analyzing file C:/Users/LENOVO/Desktop/backup3/source/yibiao_1.v
I: Verilog-0002: [C:/Users/LENOVO/Desktop/backup3/source/yibiao_1.v(line number: 1)] Analyzing module yibiao_1 (library work)
Parsing done.
Executing : .rtl_analyze -work work -include_path {C:/Users/LENOVO/Desktop/backup3} C:/Users/LENOVO/Desktop/backup3/source/yibiao_1.v successfully.
Executing : .rtl_analyze -work work -include_path {C:/Users/LENOVO/Desktop/backup3} C:/Users/LENOVO/Desktop/backup3/source/num2str.v
I: Verilog-0001: Analyzing file C:/Users/LENOVO/Desktop/backup3/source/num2str.v
I: Verilog-0002: [C:/Users/LENOVO/Desktop/backup3/source/num2str.v(line number: 1)] Analyzing module num2str (library work)
Parsing done.
Executing : .rtl_analyze -work work -include_path {C:/Users/LENOVO/Desktop/backup3} C:/Users/LENOVO/Desktop/backup3/source/num2str.v successfully.
Executing : .rtl_analyze -work work -include_path {C:/Users/LENOVO/Desktop/backup3} C:/Users/LENOVO/Desktop/backup3/source/LTC2208.v
I: Verilog-0001: Analyzing file C:/Users/LENOVO/Desktop/backup3/source/LTC2208.v
I: Verilog-0002: [C:/Users/LENOVO/Desktop/backup3/source/LTC2208.v(line number: 1)] Analyzing module LTC_2208 (library work)
Parsing done.
Executing : .rtl_analyze -work work -include_path {C:/Users/LENOVO/Desktop/backup3} C:/Users/LENOVO/Desktop/backup3/source/LTC2208.v successfully.
Executing : .rtl_analyze -work work -include_path {C:/Users/LENOVO/Desktop/backup3} C:/Users/LENOVO/Desktop/backup3/source/threshold.v
I: Verilog-0001: Analyzing file C:/Users/LENOVO/Desktop/backup3/source/threshold.v
I: Verilog-0002: [C:/Users/LENOVO/Desktop/backup3/source/threshold.v(line number: 1)] Analyzing module threshold (library work)
Parsing done.
Executing : .rtl_analyze -work work -include_path {C:/Users/LENOVO/Desktop/backup3} C:/Users/LENOVO/Desktop/backup3/source/threshold.v successfully.
Executing : .rtl_analyze -work work -include_path {C:/Users/LENOVO/Desktop/backup3} C:/Users/LENOVO/Desktop/backup3/source/key_filter.v
I: Verilog-0001: Analyzing file C:/Users/LENOVO/Desktop/backup3/source/key_filter.v
I: Verilog-0002: [C:/Users/LENOVO/Desktop/backup3/source/key_filter.v(line number: 1)] Analyzing module key_filter (library work)
Parsing done.
Executing : .rtl_analyze -work work -include_path {C:/Users/LENOVO/Desktop/backup3} C:/Users/LENOVO/Desktop/backup3/source/key_filter.v successfully.
Executing : .rtl_analyze -work work -include_path {C:/Users/LENOVO/Desktop/backup3} C:/Users/LENOVO/Desktop/backup3/interface.v
I: Verilog-0001: Analyzing file C:/Users/LENOVO/Desktop/backup3/interface.v
I: Verilog-0002: [C:/Users/LENOVO/Desktop/backup3/interface.v(line number: 1)] Analyzing module interface_1 (library work)
Parsing done.
Executing : .rtl_analyze -work work -include_path {C:/Users/LENOVO/Desktop/backup3} C:/Users/LENOVO/Desktop/backup3/interface.v successfully.
Executing : .rtl_analyze -work work -include_path {C:/Users/LENOVO/Desktop/backup3} C:/Users/LENOVO/Desktop/backup3/serial_port_rx.v
I: Verilog-0001: Analyzing file C:/Users/LENOVO/Desktop/backup3/serial_port_rx.v
I: Verilog-0002: [C:/Users/LENOVO/Desktop/backup3/serial_port_rx.v(line number: 1)] Analyzing module serial_port_rx (library work)
Parsing done.
Executing : .rtl_analyze -work work -include_path {C:/Users/LENOVO/Desktop/backup3} C:/Users/LENOVO/Desktop/backup3/serial_port_rx.v successfully.
Executing : .rtl_analyze -work work -include_path {C:/Users/LENOVO/Desktop/backup3} C:/Users/LENOVO/Desktop/backup3/rms_referee/rms_referee/source/meter.v
I: Verilog-0001: Analyzing file C:/Users/LENOVO/Desktop/backup3/rms_referee/rms_referee/source/meter.v
I: Verilog-0002: [C:/Users/LENOVO/Desktop/backup3/rms_referee/rms_referee/source/meter.v(line number: 3)] Analyzing module meter (library work)
Parsing done.
Executing : .rtl_analyze -work work -include_path {C:/Users/LENOVO/Desktop/backup3} C:/Users/LENOVO/Desktop/backup3/rms_referee/rms_referee/source/meter.v successfully.
Executing : .rtl_analyze -work work -include_path {C:/Users/LENOVO/Desktop/backup3} C:/Users/LENOVO/Desktop/backup3/rms_referee/rms_referee/source/div64.v
I: Verilog-0001: Analyzing file C:/Users/LENOVO/Desktop/backup3/rms_referee/rms_referee/source/div64.v
I: Verilog-0002: [C:/Users/LENOVO/Desktop/backup3/rms_referee/rms_referee/source/div64.v(line number: 1)] Analyzing module div64 (library work)
Parsing done.
Executing : .rtl_analyze -work work -include_path {C:/Users/LENOVO/Desktop/backup3} C:/Users/LENOVO/Desktop/backup3/rms_referee/rms_referee/source/div64.v successfully.
Executing : .rtl_analyze -work work -include_path {C:/Users/LENOVO/Desktop/backup3} C:/Users/LENOVO/Desktop/backup3/source/THD.v
I: Verilog-0001: Analyzing file C:/Users/LENOVO/Desktop/backup3/source/THD.v
I: Verilog-0002: [C:/Users/LENOVO/Desktop/backup3/source/THD.v(line number: 1)] Analyzing module thd (library work)
Parsing done.
Executing : .rtl_analyze -work work -include_path {C:/Users/LENOVO/Desktop/backup3} C:/Users/LENOVO/Desktop/backup3/source/THD.v successfully.
Executing : .rtl_analyze -work work -include_path {C:/Users/LENOVO/Desktop/backup3} C:/Users/LENOVO/Desktop/backup3/source/uart_test.v
I: Verilog-0001: Analyzing file C:/Users/LENOVO/Desktop/backup3/source/uart_test.v
I: Verilog-0002: [C:/Users/LENOVO/Desktop/backup3/source/uart_test.v(line number: 1)] Analyzing module uart_test (library work)
Parsing done.
Executing : .rtl_analyze -work work -include_path {C:/Users/LENOVO/Desktop/backup3} C:/Users/LENOVO/Desktop/backup3/source/uart_test.v successfully.
Executing : .rtl_analyze -work work -include_path {C:/Users/LENOVO/Desktop/backup3} C:/Users/LENOVO/Desktop/backup3/source/uart_tx.v
I: Verilog-0001: Analyzing file C:/Users/LENOVO/Desktop/backup3/source/uart_tx.v
I: Verilog-0002: [C:/Users/LENOVO/Desktop/backup3/source/uart_tx.v(line number: 1)] Analyzing module uart_tx (library work)
Parsing done.
Executing : .rtl_analyze -work work -include_path {C:/Users/LENOVO/Desktop/backup3} C:/Users/LENOVO/Desktop/backup3/source/uart_tx.v successfully.
Executing : .rtl_analyze -work work -include_path {C:/Users/LENOVO/Desktop/backup3} C:/Users/LENOVO/Desktop/backup3/source/uart_drive.v
I: Verilog-0001: Analyzing file C:/Users/LENOVO/Desktop/backup3/source/uart_drive.v
I: Verilog-0002: [C:/Users/LENOVO/Desktop/backup3/source/uart_drive.v(line number: 4)] Analyzing module uart_drive (library work)
Parsing done.
Executing : .rtl_analyze -work work -include_path {C:/Users/LENOVO/Desktop/backup3} C:/Users/LENOVO/Desktop/backup3/source/uart_drive.v successfully.
Executing : .rtl_analyze -work work -include_path {C:/Users/LENOVO/Desktop/backup3} C:/Users/LENOVO/Desktop/backup3/source/fsm.v
I: Verilog-0001: Analyzing file C:/Users/LENOVO/Desktop/backup3/source/fsm.v
I: Verilog-0002: [C:/Users/LENOVO/Desktop/backup3/source/fsm.v(line number: 3)] Analyzing module fsm (library work)
Parsing done.
Executing : .rtl_analyze -work work -include_path {C:/Users/LENOVO/Desktop/backup3} C:/Users/LENOVO/Desktop/backup3/source/fsm.v successfully.
Executing : .rtl_analyze -include_path {C:/Users/LENOVO/Desktop/backup3} C:/Users/LENOVO/Desktop/backup3/ipcore/pll/pll.v
I: Verilog-0001: Analyzing file C:/Users/LENOVO/Desktop/backup3/ipcore/pll/pll.v
I: Verilog-0002: [C:/Users/LENOVO/Desktop/backup3/ipcore/pll/pll.v(line number: 20)] Analyzing module pll (library work)
Parsing done.
Executing : .rtl_analyze -include_path {C:/Users/LENOVO/Desktop/backup3} C:/Users/LENOVO/Desktop/backup3/ipcore/pll/pll.v successfully.
Executing : .rtl_analyze -include_path {C:/Users/LENOVO/Desktop/backup3} C:/Users/LENOVO/Desktop/backup3/ipcore/pll_adda/pll_adda.v
I: Verilog-0001: Analyzing file C:/Users/LENOVO/Desktop/backup3/ipcore/pll_adda/pll_adda.v
I: Verilog-0002: [C:/Users/LENOVO/Desktop/backup3/ipcore/pll_adda/pll_adda.v(line number: 18)] Analyzing module pll_adda (library work)
Parsing done.
Executing : .rtl_analyze -include_path {C:/Users/LENOVO/Desktop/backup3} C:/Users/LENOVO/Desktop/backup3/ipcore/pll_adda/pll_adda.v successfully.
Executing : .rtl_analyze -include_path {C:/Users/LENOVO/Desktop/backup3} C:/Users/LENOVO/Desktop/backup3/ipcore/fft_ram/rtl/ipml_sdpram_v1_8_fft_ram.v
I: Verilog-0001: Analyzing file C:/Users/LENOVO/Desktop/backup3/ipcore/fft_ram/rtl/ipml_sdpram_v1_8_fft_ram.v
I: Verilog-0002: [C:/Users/LENOVO/Desktop/backup3/ipcore/fft_ram/rtl/ipml_sdpram_v1_8_fft_ram.v(line number: 18)] Analyzing module ipml_sdpram_v1_8_fft_ram (library work)
W: Verilog-2008: [C:/Users/LENOVO/Desktop/backup3/ipcore/fft_ram/rtl/ipml_sdpram_v1_8_fft_ram.v(line number: 310)] Ignore 'system task' $display
W: Verilog-2008: [C:/Users/LENOVO/Desktop/backup3/ipcore/fft_ram/rtl/ipml_sdpram_v1_8_fft_ram.v(line number: 311)] Ignore 'system task' $finish
W: Verilog-2008: [C:/Users/LENOVO/Desktop/backup3/ipcore/fft_ram/rtl/ipml_sdpram_v1_8_fft_ram.v(line number: 314)] Ignore 'system task' $display
W: Verilog-2008: [C:/Users/LENOVO/Desktop/backup3/ipcore/fft_ram/rtl/ipml_sdpram_v1_8_fft_ram.v(line number: 318)] Ignore 'system task' $display
W: Verilog-2008: [C:/Users/LENOVO/Desktop/backup3/ipcore/fft_ram/rtl/ipml_sdpram_v1_8_fft_ram.v(line number: 322)] Ignore 'system task' $display
W: Verilog-2008: [C:/Users/LENOVO/Desktop/backup3/ipcore/fft_ram/rtl/ipml_sdpram_v1_8_fft_ram.v(line number: 326)] Ignore 'system task' $display
W: Verilog-2008: [C:/Users/LENOVO/Desktop/backup3/ipcore/fft_ram/rtl/ipml_sdpram_v1_8_fft_ram.v(line number: 330)] Ignore 'system task' $display
W: Verilog-2008: [C:/Users/LENOVO/Desktop/backup3/ipcore/fft_ram/rtl/ipml_sdpram_v1_8_fft_ram.v(line number: 331)] Ignore 'system task' $finish
W: Verilog-2008: [C:/Users/LENOVO/Desktop/backup3/ipcore/fft_ram/rtl/ipml_sdpram_v1_8_fft_ram.v(line number: 334)] Ignore 'system task' $display
W: Verilog-2008: [C:/Users/LENOVO/Desktop/backup3/ipcore/fft_ram/rtl/ipml_sdpram_v1_8_fft_ram.v(line number: 335)] Ignore 'system task' $finish
W: Verilog-2008: [C:/Users/LENOVO/Desktop/backup3/ipcore/fft_ram/rtl/ipml_sdpram_v1_8_fft_ram.v(line number: 338)] Ignore 'system task' $display
W: Verilog-2008: [C:/Users/LENOVO/Desktop/backup3/ipcore/fft_ram/rtl/ipml_sdpram_v1_8_fft_ram.v(line number: 339)] Ignore 'system task' $finish
W: Verilog-2008: [C:/Users/LENOVO/Desktop/backup3/ipcore/fft_ram/rtl/ipml_sdpram_v1_8_fft_ram.v(line number: 342)] Ignore 'system task' $display
W: Verilog-2008: [C:/Users/LENOVO/Desktop/backup3/ipcore/fft_ram/rtl/ipml_sdpram_v1_8_fft_ram.v(line number: 343)] Ignore 'system task' $finish
W: Verilog-2008: [C:/Users/LENOVO/Desktop/backup3/ipcore/fft_ram/rtl/ipml_sdpram_v1_8_fft_ram.v(line number: 346)] Ignore 'system task' $display
W: Verilog-2008: [C:/Users/LENOVO/Desktop/backup3/ipcore/fft_ram/rtl/ipml_sdpram_v1_8_fft_ram.v(line number: 347)] Ignore 'system task' $finish
W: Verilog-2008: [C:/Users/LENOVO/Desktop/backup3/ipcore/fft_ram/rtl/ipml_sdpram_v1_8_fft_ram.v(line number: 350)] Ignore 'system task' $display
W: Verilog-2008: [C:/Users/LENOVO/Desktop/backup3/ipcore/fft_ram/rtl/ipml_sdpram_v1_8_fft_ram.v(line number: 351)] Ignore 'system task' $finish
W: Verilog-2008: [C:/Users/LENOVO/Desktop/backup3/ipcore/fft_ram/rtl/ipml_sdpram_v1_8_fft_ram.v(line number: 354)] Ignore 'system task' $display
W: Verilog-2008: [C:/Users/LENOVO/Desktop/backup3/ipcore/fft_ram/rtl/ipml_sdpram_v1_8_fft_ram.v(line number: 355)] Ignore 'system task' $finish
W: Verilog-2008: [C:/Users/LENOVO/Desktop/backup3/ipcore/fft_ram/rtl/ipml_sdpram_v1_8_fft_ram.v(line number: 358)] Ignore 'system task' $display
W: Verilog-2008: [C:/Users/LENOVO/Desktop/backup3/ipcore/fft_ram/rtl/ipml_sdpram_v1_8_fft_ram.v(line number: 359)] Ignore 'system task' $finish
W: Verilog-2008: [C:/Users/LENOVO/Desktop/backup3/ipcore/fft_ram/rtl/ipml_sdpram_v1_8_fft_ram.v(line number: 362)] Ignore 'system task' $display
W: Verilog-2008: [C:/Users/LENOVO/Desktop/backup3/ipcore/fft_ram/rtl/ipml_sdpram_v1_8_fft_ram.v(line number: 363)] Ignore 'system task' $finish
W: Verilog-2008: [C:/Users/LENOVO/Desktop/backup3/ipcore/fft_ram/rtl/ipml_sdpram_v1_8_fft_ram.v(line number: 366)] Ignore 'system task' $display
W: Verilog-2008: [C:/Users/LENOVO/Desktop/backup3/ipcore/fft_ram/rtl/ipml_sdpram_v1_8_fft_ram.v(line number: 367)] Ignore 'system task' $finish
W: Verilog-2008: [C:/Users/LENOVO/Desktop/backup3/ipcore/fft_ram/rtl/ipml_sdpram_v1_8_fft_ram.v(line number: 370)] Ignore 'system task' $display
W: Verilog-2008: [C:/Users/LENOVO/Desktop/backup3/ipcore/fft_ram/rtl/ipml_sdpram_v1_8_fft_ram.v(line number: 371)] Ignore 'system task' $finish
W: Verilog-2008: [C:/Users/LENOVO/Desktop/backup3/ipcore/fft_ram/rtl/ipml_sdpram_v1_8_fft_ram.v(line number: 375)] Ignore 'system task' $display
W: Verilog-2008: [C:/Users/LENOVO/Desktop/backup3/ipcore/fft_ram/rtl/ipml_sdpram_v1_8_fft_ram.v(line number: 376)] Ignore 'system task' $finish
W: Verilog-2008: [C:/Users/LENOVO/Desktop/backup3/ipcore/fft_ram/rtl/ipml_sdpram_v1_8_fft_ram.v(line number: 379)] Ignore 'system task' $display
W: Verilog-2008: [C:/Users/LENOVO/Desktop/backup3/ipcore/fft_ram/rtl/ipml_sdpram_v1_8_fft_ram.v(line number: 380)] Ignore 'system task' $finish
W: Verilog-2008: [C:/Users/LENOVO/Desktop/backup3/ipcore/fft_ram/rtl/ipml_sdpram_v1_8_fft_ram.v(line number: 384)] Ignore 'system task' $display
W: Verilog-2008: [C:/Users/LENOVO/Desktop/backup3/ipcore/fft_ram/rtl/ipml_sdpram_v1_8_fft_ram.v(line number: 385)] Ignore 'system task' $finish
W: Verilog-2008: [C:/Users/LENOVO/Desktop/backup3/ipcore/fft_ram/rtl/ipml_sdpram_v1_8_fft_ram.v(line number: 388)] Ignore 'system task' $display
W: Verilog-2008: [C:/Users/LENOVO/Desktop/backup3/ipcore/fft_ram/rtl/ipml_sdpram_v1_8_fft_ram.v(line number: 389)] Ignore 'system task' $finish
W: Verilog-2008: [C:/Users/LENOVO/Desktop/backup3/ipcore/fft_ram/rtl/ipml_sdpram_v1_8_fft_ram.v(line number: 392)] Ignore 'system task' $display
W: Verilog-2008: [C:/Users/LENOVO/Desktop/backup3/ipcore/fft_ram/rtl/ipml_sdpram_v1_8_fft_ram.v(line number: 393)] Ignore 'system task' $finish
W: Verilog-2008: [C:/Users/LENOVO/Desktop/backup3/ipcore/fft_ram/rtl/ipml_sdpram_v1_8_fft_ram.v(line number: 396)] Ignore 'system task' $display
W: Verilog-2008: [C:/Users/LENOVO/Desktop/backup3/ipcore/fft_ram/rtl/ipml_sdpram_v1_8_fft_ram.v(line number: 397)] Ignore 'system task' $finish
W: Verilog-2008: [C:/Users/LENOVO/Desktop/backup3/ipcore/fft_ram/rtl/ipml_sdpram_v1_8_fft_ram.v(line number: 400)] Ignore 'system task' $display
W: Verilog-2008: [C:/Users/LENOVO/Desktop/backup3/ipcore/fft_ram/rtl/ipml_sdpram_v1_8_fft_ram.v(line number: 401)] Ignore 'system task' $finish
W: Verilog-2008: [C:/Users/LENOVO/Desktop/backup3/ipcore/fft_ram/rtl/ipml_sdpram_v1_8_fft_ram.v(line number: 406)] Ignore 'system task' $display
W: Verilog-2008: [C:/Users/LENOVO/Desktop/backup3/ipcore/fft_ram/rtl/ipml_sdpram_v1_8_fft_ram.v(line number: 407)] Ignore 'system task' $finish
W: Verilog-2008: [C:/Users/LENOVO/Desktop/backup3/ipcore/fft_ram/rtl/ipml_sdpram_v1_8_fft_ram.v(line number: 410)] Ignore 'system task' $display
W: Verilog-2008: [C:/Users/LENOVO/Desktop/backup3/ipcore/fft_ram/rtl/ipml_sdpram_v1_8_fft_ram.v(line number: 411)] Ignore 'system task' $finish
W: Verilog-2008: [C:/Users/LENOVO/Desktop/backup3/ipcore/fft_ram/rtl/ipml_sdpram_v1_8_fft_ram.v(line number: 416)] Ignore 'system task' $display
W: Verilog-2008: [C:/Users/LENOVO/Desktop/backup3/ipcore/fft_ram/rtl/ipml_sdpram_v1_8_fft_ram.v(line number: 417)] Ignore 'system task' $finish
Parsing done.
Executing : .rtl_analyze -include_path {C:/Users/LENOVO/Desktop/backup3} C:/Users/LENOVO/Desktop/backup3/ipcore/fft_ram/rtl/ipml_sdpram_v1_8_fft_ram.v successfully.
Executing : .rtl_analyze -include_path {C:/Users/LENOVO/Desktop/backup3} C:/Users/LENOVO/Desktop/backup3/ipcore/fft_ram/fft_ram.v
I: Verilog-0001: Analyzing file C:/Users/LENOVO/Desktop/backup3/ipcore/fft_ram/fft_ram.v
I: Verilog-0002: [C:/Users/LENOVO/Desktop/backup3/ipcore/fft_ram/fft_ram.v(line number: 16)] Analyzing module fft_ram (library work)
Parsing done.
Executing : .rtl_analyze -include_path {C:/Users/LENOVO/Desktop/backup3} C:/Users/LENOVO/Desktop/backup3/ipcore/fft_ram/fft_ram.v successfully.
Executing : .rtl_analyze -include_path {C:/Users/LENOVO/Desktop/backup3} C:/Users/LENOVO/Desktop/backup3/ipcore/fft/fft.v
I: Verilog-0001: Analyzing file C:/Users/LENOVO/Desktop/backup3/ipcore/fft/fft.v
I: Verilog-0002: [C:/Users/LENOVO/Desktop/backup3/ipcore/fft/fft.v(line number: 13)] Analyzing module fft (library work)
Parsing done.
Executing : .rtl_analyze -include_path {C:/Users/LENOVO/Desktop/backup3} C:/Users/LENOVO/Desktop/backup3/ipcore/fft/fft.v successfully.
Executing : .rtl_analyze -include_path {C:/Users/LENOVO/Desktop/backup3} C:/Users/LENOVO/Desktop/backup3/ipcore/fft/rtl/synplify/ipsxb_fft_core_v1_0_vpAll.vp
I: Verilog-0001: Analyzing file C:/Users/LENOVO/Desktop/backup3/ipcore/fft/rtl/synplify/ipsxb_fft_core_v1_0_vpAll.vp
I: Verilog-0002: [C:/Users/LENOVO/Desktop/backup3/ipcore/fft/rtl/synplify/ipsxb_fft_core_v1_0_vpAll.vp(line number: 118)] Analyzing module ipsxb_fft_addsub_v1_0 (library work)
I: Verilog-0002: [C:/Users/LENOVO/Desktop/backup3/ipcore/fft/rtl/synplify/ipsxb_fft_core_v1_0_vpAll.vp(line number: 435)] Analyzing module ipsxb_fft_apm_addsub_v1_0 (library work)
I: Verilog-0002: [C:/Users/LENOVO/Desktop/backup3/ipcore/fft/rtl/synplify/ipsxb_fft_core_v1_0_vpAll.vp(line number: 845)] Analyzing module ipsxb_fft_apm_v1_0 (library work)
I: Verilog-0002: [C:/Users/LENOVO/Desktop/backup3/ipcore/fft/rtl/synplify/ipsxb_fft_core_v1_0_vpAll.vp(line number: 1086)] Analyzing module ipsxb_fft_comp_addsub_v1_0 (library work)
I: Verilog-0002: [C:/Users/LENOVO/Desktop/backup3/ipcore/fft/rtl/synplify/ipsxb_fft_core_v1_0_vpAll.vp(line number: 1586)] Analyzing module ipsxb_fft_comp_mult_t10_v1_0 (library work)
I: Verilog-0002: [C:/Users/LENOVO/Desktop/backup3/ipcore/fft/rtl/synplify/ipsxb_fft_core_v1_0_vpAll.vp(line number: 2622)] Analyzing module ipsxb_fft_comp_mult_t13_v1_0 (library work)
I: Verilog-0002: [C:/Users/LENOVO/Desktop/backup3/ipcore/fft/rtl/synplify/ipsxb_fft_core_v1_0_vpAll.vp(line number: 3905)] Analyzing module ipsxb_fft_comp_mult_t14_v1_0 (library work)
I: Verilog-0002: [C:/Users/LENOVO/Desktop/backup3/ipcore/fft/rtl/synplify/ipsxb_fft_core_v1_0_vpAll.vp(line number: 5324)] Analyzing module ipsxb_fft_comp_mult_t15_v1_0 (library work)
I: Verilog-0002: [C:/Users/LENOVO/Desktop/backup3/ipcore/fft/rtl/synplify/ipsxb_fft_core_v1_0_vpAll.vp(line number: 6401)] Analyzing module ipsxb_fft_comp_mult_t16_v1_0 (library work)
I: Verilog-0002: [C:/Users/LENOVO/Desktop/backup3/ipcore/fft/rtl/synplify/ipsxb_fft_core_v1_0_vpAll.vp(line number: 6913)] Analyzing module ipsxb_fft_comp_mult_t17_v1_0 (library work)
I: Verilog-0002: [C:/Users/LENOVO/Desktop/backup3/ipcore/fft/rtl/synplify/ipsxb_fft_core_v1_0_vpAll.vp(line number: 7703)] Analyzing module ipsxb_fft_comp_mult_t19_v1_0 (library work)
I: Verilog-0002: [C:/Users/LENOVO/Desktop/backup3/ipcore/fft/rtl/synplify/ipsxb_fft_core_v1_0_vpAll.vp(line number: 8489)] Analyzing module ipsxb_fft_comp_mult_t1_v1_0 (library work)
I: Verilog-0002: [C:/Users/LENOVO/Desktop/backup3/ipcore/fft/rtl/synplify/ipsxb_fft_core_v1_0_vpAll.vp(line number: 9105)] Analyzing module ipsxb_fft_comp_mult_t3_v1_0 (library work)
I: Verilog-0002: [C:/Users/LENOVO/Desktop/backup3/ipcore/fft/rtl/synplify/ipsxb_fft_core_v1_0_vpAll.vp(line number: 9917)] Analyzing module ipsxb_fft_comp_mult_t7_v1_0 (library work)
I: Verilog-0002: [C:/Users/LENOVO/Desktop/backup3/ipcore/fft/rtl/synplify/ipsxb_fft_core_v1_0_vpAll.vp(line number: 10668)] Analyzing module ipsxb_fft_comp_mult_v1_0 (library work)
I: Verilog-0002: [C:/Users/LENOVO/Desktop/backup3/ipcore/fft/rtl/synplify/ipsxb_fft_core_v1_0_vpAll.vp(line number: 11032)] Analyzing module ipsxb_fft_comp_round_v1_0 (library work)
I: Verilog-0002: [C:/Users/LENOVO/Desktop/backup3/ipcore/fft/rtl/synplify/ipsxb_fft_core_v1_0_vpAll.vp(line number: 11185)] Analyzing module ipsxb_fft_drm_sdpram_v1_0 (library work)
I: [C:/Users/LENOVO/Desktop/backup3/ipcore/fft/rtl/synplify/ipsxb_fft_core_v1_0_vpAll.vp(line number: 11200)] Convert attribute name from syn_ramstyle to PAP_RAM_STYLE
I: Verilog-0002: [C:/Users/LENOVO/Desktop/backup3/ipcore/fft/rtl/synplify/ipsxb_fft_core_v1_0_vpAll.vp(line number: 11348)] Analyzing module ipsxb_fft_drm_sreg_v1_0 (library work)
I: Verilog-0002: [C:/Users/LENOVO/Desktop/backup3/ipcore/fft/rtl/synplify/ipsxb_fft_core_v1_0_vpAll.vp(line number: 11539)] Analyzing module ipsxb_fft_dynamic_comp_round_v1_0 (library work)
I: Verilog-0002: [C:/Users/LENOVO/Desktop/backup3/ipcore/fft/rtl/synplify/ipsxb_fft_core_v1_0_vpAll.vp(line number: 11781)] Analyzing module ipsxb_fft_dynamic_round_v1_0 (library work)
I: Verilog-0002: [C:/Users/LENOVO/Desktop/backup3/ipcore/fft/rtl/synplify/ipsxb_fft_core_v1_0_vpAll.vp(line number: 12349)] Analyzing module ipsxb_fft_output_process_v1_0 (library work)
I: Verilog-0002: [C:/Users/LENOVO/Desktop/backup3/ipcore/fft/rtl/synplify/ipsxb_fft_core_v1_0_vpAll.vp(line number: 13158)] Analyzing module ipsxb_fft_pipeline_core_v1_0 (library work)
I: Verilog-0002: [C:/Users/LENOVO/Desktop/backup3/ipcore/fft/rtl/synplify/ipsxb_fft_core_v1_0_vpAll.vp(line number: 13596)] Analyzing module ipsxb_fft_r22bf_as_multi_v1_0 (library work)
I: Verilog-0002: [C:/Users/LENOVO/Desktop/backup3/ipcore/fft/rtl/synplify/ipsxb_fft_core_v1_0_vpAll.vp(line number: 14044)] Analyzing module ipsxb_fft_r22bf_as_paral_v1_0 (library work)
I: Verilog-0002: [C:/Users/LENOVO/Desktop/backup3/ipcore/fft/rtl/synplify/ipsxb_fft_core_v1_0_vpAll.vp(line number: 14469)] Analyzing module ipsxb_fft_r22bf_as_v1_0 (library work)
I: Verilog-0002: [C:/Users/LENOVO/Desktop/backup3/ipcore/fft/rtl/synplify/ipsxb_fft_core_v1_0_vpAll.vp(line number: 14806)] Analyzing module ipsxb_fft_r22_dif_group_v1_0 (library work)
I: Verilog-0002: [C:/Users/LENOVO/Desktop/backup3/ipcore/fft/rtl/synplify/ipsxb_fft_core_v1_0_vpAll.vp(line number: 15170)] Analyzing module ipsxb_fft_r22_mult_by_twiddle_v1_0 (library work)
I: Verilog-0002: [C:/Users/LENOVO/Desktop/backup3/ipcore/fft/rtl/synplify/ipsxb_fft_core_v1_0_vpAll.vp(line number: 15435)] Analyzing module ipsxb_fft_r2bf_as_core_v1_0 (library work)
I: Verilog-0002: [C:/Users/LENOVO/Desktop/backup3/ipcore/fft/rtl/synplify/ipsxb_fft_core_v1_0_vpAll.vp(line number: 15704)] Analyzing module ipsxb_fft_r2_dit_bf_v1_0 (library work)
I: Verilog-0002: [C:/Users/LENOVO/Desktop/backup3/ipcore/fft/rtl/synplify/ipsxb_fft_core_v1_0_vpAll.vp(line number: 16367)] Analyzing module ipsxb_fft_r2_dit_ctrl_v1_0 (library work)
I: Verilog-0002: [C:/Users/LENOVO/Desktop/backup3/ipcore/fft/rtl/synplify/ipsxb_fft_core_v1_0_vpAll.vp(line number: 17185)] Analyzing module ipsxb_fft_r2_dit_mult_by_twiddle_v1_0 (library work)
I: Verilog-0002: [C:/Users/LENOVO/Desktop/backup3/ipcore/fft/rtl/synplify/ipsxb_fft_core_v1_0_vpAll.vp(line number: 17762)] Analyzing module ipsxb_fft_radix2_burst_core_v1_0 (library work)
I: Verilog-0002: [C:/Users/LENOVO/Desktop/backup3/ipcore/fft/rtl/synplify/ipsxb_fft_core_v1_0_vpAll.vp(line number: 18363)] Analyzing module ipsxb_fft_round_v1_0 (library work)
I: Verilog-0002: [C:/Users/LENOVO/Desktop/backup3/ipcore/fft/rtl/synplify/ipsxb_fft_core_v1_0_vpAll.vp(line number: 18582)] Analyzing module ipsxb_fft_sdpram_v1_0 (library work)
I: Verilog-0002: [C:/Users/LENOVO/Desktop/backup3/ipcore/fft/rtl/synplify/ipsxb_fft_core_v1_0_vpAll.vp(line number: 18764)] Analyzing module ipsxb_fft_shift_ram_v1_0 (library work)
I: Verilog-0002: [C:/Users/LENOVO/Desktop/backup3/ipcore/fft/rtl/synplify/ipsxb_fft_core_v1_0_vpAll.vp(line number: 19009)] Analyzing module ipsxe_fft_burst_input_ctrl_v1_0 (library work)
I: Verilog-0002: [C:/Users/LENOVO/Desktop/backup3/ipcore/fft/rtl/synplify/ipsxb_fft_core_v1_0_vpAll.vp(line number: 19303)] Analyzing module ipsxe_fft_cfg_ctrl_v1_0 (library work)
I: Verilog-0002: [C:/Users/LENOVO/Desktop/backup3/ipcore/fft/rtl/synplify/ipsxb_fft_core_v1_0_vpAll.vp(line number: 19476)] Analyzing module ipsxe_fft_lut_addsub_v1_0 (library work)
I: Verilog-0002: [C:/Users/LENOVO/Desktop/backup3/ipcore/fft/rtl/synplify/ipsxb_fft_core_v1_0_vpAll.vp(line number: 19723)] Analyzing module ipsxe_fft_output_ctrl_v1_0 (library work)
I: Verilog-0002: [C:/Users/LENOVO/Desktop/backup3/ipcore/fft/rtl/synplify/ipsxb_fft_core_v1_0_vpAll.vp(line number: 19951)] Analyzing module ipsxe_fft_overflow_det_v1_0 (library work)
I: Verilog-0002: [C:/Users/LENOVO/Desktop/backup3/ipcore/fft/rtl/synplify/ipsxb_fft_core_v1_0_vpAll.vp(line number: 20232)] Analyzing module ipsxe_fft_pipeline_input_ctrl_v1_0 (library work)
I: Verilog-0002: [C:/Users/LENOVO/Desktop/backup3/ipcore/fft/rtl/synplify/ipsxb_fft_core_v1_0_vpAll.vp(line number: 20543)] Analyzing module ipsxe_fft_r22_mult_by_j_v1_0 (library work)
I: Verilog-0002: [C:/Users/LENOVO/Desktop/backup3/ipcore/fft/rtl/synplify/ipsxb_fft_core_v1_0_vpAll.vp(line number: 71911)] Analyzing module ipsxe_fft_sin_distram_rom_v1_1 (library work)
I: [C:/Users/LENOVO/Desktop/backup3/ipcore/fft/rtl/synplify/ipsxb_fft_core_v1_0_vpAll.vp(line number: 71911)] Convert attribute name from syn_romstyle to PAP_RAM_STYLE
I: Verilog-0002: [C:/Users/LENOVO/Desktop/backup3/ipcore/fft/rtl/synplify/ipsxb_fft_core_v1_0_vpAll.vp(line number: 172473)] Analyzing module ipsxe_fft_sin_drm_rom_v1_1 (library work)
I: [C:/Users/LENOVO/Desktop/backup3/ipcore/fft/rtl/synplify/ipsxb_fft_core_v1_0_vpAll.vp(line number: 172473)] Convert attribute name from syn_romstyle to PAP_RAM_STYLE
I: Verilog-0002: [C:/Users/LENOVO/Desktop/backup3/ipcore/fft/rtl/synplify/ipsxb_fft_core_v1_0_vpAll.vp(line number: 221874)] Analyzing module ipsxe_fft_sin_rom_v1_1 (library work)
I: Verilog-0002: [C:/Users/LENOVO/Desktop/backup3/ipcore/fft/rtl/synplify/ipsxb_fft_core_v1_0_vpAll.vp(line number: 222051)] Analyzing module ipsxe_fft_sreg_v1_0 (library work)
I: Verilog-0002: [C:/Users/LENOVO/Desktop/backup3/ipcore/fft/rtl/synplify/ipsxb_fft_core_v1_0_vpAll.vp(line number: 222313)] Analyzing module ipsxe_fft_twiddle_gen_v1_1 (library work)
Parsing done.
Executing : .rtl_analyze -include_path {C:/Users/LENOVO/Desktop/backup3} C:/Users/LENOVO/Desktop/backup3/ipcore/fft/rtl/synplify/ipsxb_fft_core_v1_0_vpAll.vp successfully.
Executing : .rtl_analyze -include_path {C:/Users/LENOVO/Desktop/backup3} C:/Users/LENOVO/Desktop/backup3/ipcore/fft/rtl/distram_sreg/ipsxe_fft_distram_sreg.v
I: Verilog-0001: Analyzing file C:/Users/LENOVO/Desktop/backup3/ipcore/fft/rtl/distram_sreg/ipsxe_fft_distram_sreg.v
I: Verilog-0002: [C:/Users/LENOVO/Desktop/backup3/ipcore/fft/rtl/distram_sreg/ipsxe_fft_distram_sreg.v(line number: 21)] Analyzing module ipsxe_fft_distram_sreg (library work)
Parsing done.
Executing : .rtl_analyze -include_path {C:/Users/LENOVO/Desktop/backup3} C:/Users/LENOVO/Desktop/backup3/ipcore/fft/rtl/distram_sreg/ipsxe_fft_distram_sreg.v successfully.
Executing : .rtl_analyze -include_path {C:/Users/LENOVO/Desktop/backup3} C:/Users/LENOVO/Desktop/backup3/ipcore/fft/rtl/distram_sreg/rtl/ipsxe_fft_distributed_shiftregister_v1_3.v
I: Verilog-0001: Analyzing file C:/Users/LENOVO/Desktop/backup3/ipcore/fft/rtl/distram_sreg/rtl/ipsxe_fft_distributed_shiftregister_v1_3.v
I: Verilog-0002: [C:/Users/LENOVO/Desktop/backup3/ipcore/fft/rtl/distram_sreg/rtl/ipsxe_fft_distributed_shiftregister_v1_3.v(line number: 19)] Analyzing module ipsxe_fft_distributed_shiftregister_v1_3 (library work)
Parsing done.
Executing : .rtl_analyze -include_path {C:/Users/LENOVO/Desktop/backup3} C:/Users/LENOVO/Desktop/backup3/ipcore/fft/rtl/distram_sreg/rtl/ipsxe_fft_distributed_shiftregister_v1_3.v successfully.
Executing : .rtl_analyze -include_path {C:/Users/LENOVO/Desktop/backup3} C:/Users/LENOVO/Desktop/backup3/ipcore/fft/rtl/distram_sreg/rtl/ipsxe_fft_distributed_sdpram_v1_2.v
I: Verilog-0001: Analyzing file C:/Users/LENOVO/Desktop/backup3/ipcore/fft/rtl/distram_sreg/rtl/ipsxe_fft_distributed_sdpram_v1_2.v
I: Verilog-0002: [C:/Users/LENOVO/Desktop/backup3/ipcore/fft/rtl/distram_sreg/rtl/ipsxe_fft_distributed_sdpram_v1_2.v(line number: 20)] Analyzing module ipsxe_fft_distributed_sdpram_v1_2 (library work)
I: [C:/Users/LENOVO/Desktop/backup3/ipcore/fft/rtl/distram_sreg/rtl/ipsxe_fft_distributed_sdpram_v1_2.v(line number: 29)] Convert attribute name from syn_ramstyle to PAP_RAM_STYLE
Parsing done.
Executing : .rtl_analyze -include_path {C:/Users/LENOVO/Desktop/backup3} C:/Users/LENOVO/Desktop/backup3/ipcore/fft/rtl/distram_sreg/rtl/ipsxe_fft_distributed_sdpram_v1_2.v successfully.
Executing : .rtl_analyze -include_path {C:/Users/LENOVO/Desktop/backup3} C:/Users/LENOVO/Desktop/backup3/ipcore/fft/rtl/distram_sdpram/ipsxe_fft_distram_sdpram.v
I: Verilog-0001: Analyzing file C:/Users/LENOVO/Desktop/backup3/ipcore/fft/rtl/distram_sdpram/ipsxe_fft_distram_sdpram.v
I: Verilog-0002: [C:/Users/LENOVO/Desktop/backup3/ipcore/fft/rtl/distram_sdpram/ipsxe_fft_distram_sdpram.v(line number: 20)] Analyzing module ipsxe_fft_distram_sdpram (library work)
Parsing done.
Executing : .rtl_analyze -include_path {C:/Users/LENOVO/Desktop/backup3} C:/Users/LENOVO/Desktop/backup3/ipcore/fft/rtl/distram_sdpram/ipsxe_fft_distram_sdpram.v successfully.
Executing : .rtl_analyze -include_path {C:/Users/LENOVO/Desktop/backup3} C:/Users/LENOVO/Desktop/backup3/ipcore/fft_fifo/rtl/ipml_fifo_ctrl_v1_4_fft_fifo.v
I: Verilog-0001: Analyzing file C:/Users/LENOVO/Desktop/backup3/ipcore/fft_fifo/rtl/ipml_fifo_ctrl_v1_4_fft_fifo.v
I: Verilog-0002: [C:/Users/LENOVO/Desktop/backup3/ipcore/fft_fifo/rtl/ipml_fifo_ctrl_v1_4_fft_fifo.v(line number: 22)] Analyzing module ipml_fifo_ctrl_v1_4_fft_fifo (library work)
I: [C:/Users/LENOVO/Desktop/backup3/ipcore/fft_fifo/rtl/ipml_fifo_ctrl_v1_4_fft_fifo.v(line number: 52)] Convert attribute name from syn_preserve to PAP_PRESERVE
I: [C:/Users/LENOVO/Desktop/backup3/ipcore/fft_fifo/rtl/ipml_fifo_ctrl_v1_4_fft_fifo.v(line number: 54)] Convert attribute name from syn_preserve to PAP_PRESERVE
I: [C:/Users/LENOVO/Desktop/backup3/ipcore/fft_fifo/rtl/ipml_fifo_ctrl_v1_4_fft_fifo.v(line number: 65)] Convert attribute name from syn_preserve to PAP_PRESERVE
I: [C:/Users/LENOVO/Desktop/backup3/ipcore/fft_fifo/rtl/ipml_fifo_ctrl_v1_4_fft_fifo.v(line number: 67)] Convert attribute name from syn_preserve to PAP_PRESERVE
Parsing done.
Executing : .rtl_analyze -include_path {C:/Users/LENOVO/Desktop/backup3} C:/Users/LENOVO/Desktop/backup3/ipcore/fft_fifo/rtl/ipml_fifo_ctrl_v1_4_fft_fifo.v successfully.
Executing : .rtl_analyze -include_path {C:/Users/LENOVO/Desktop/backup3} C:/Users/LENOVO/Desktop/backup3/ipcore/fft_fifo/rtl/ipml_sdpram_v1_9_fft_fifo.v
I: Verilog-0001: Analyzing file C:/Users/LENOVO/Desktop/backup3/ipcore/fft_fifo/rtl/ipml_sdpram_v1_9_fft_fifo.v
I: Verilog-0002: [C:/Users/LENOVO/Desktop/backup3/ipcore/fft_fifo/rtl/ipml_sdpram_v1_9_fft_fifo.v(line number: 18)] Analyzing module ipml_sdpram_v1_9_fft_fifo (library work)
W: Verilog-2008: [C:/Users/LENOVO/Desktop/backup3/ipcore/fft_fifo/rtl/ipml_sdpram_v1_9_fft_fifo.v(line number: 306)] Ignore 'system task' $display
W: Verilog-2008: [C:/Users/LENOVO/Desktop/backup3/ipcore/fft_fifo/rtl/ipml_sdpram_v1_9_fft_fifo.v(line number: 307)] Ignore 'system task' $finish
W: Verilog-2008: [C:/Users/LENOVO/Desktop/backup3/ipcore/fft_fifo/rtl/ipml_sdpram_v1_9_fft_fifo.v(line number: 310)] Ignore 'system task' $display
W: Verilog-2008: [C:/Users/LENOVO/Desktop/backup3/ipcore/fft_fifo/rtl/ipml_sdpram_v1_9_fft_fifo.v(line number: 314)] Ignore 'system task' $display
W: Verilog-2008: [C:/Users/LENOVO/Desktop/backup3/ipcore/fft_fifo/rtl/ipml_sdpram_v1_9_fft_fifo.v(line number: 318)] Ignore 'system task' $display
W: Verilog-2008: [C:/Users/LENOVO/Desktop/backup3/ipcore/fft_fifo/rtl/ipml_sdpram_v1_9_fft_fifo.v(line number: 322)] Ignore 'system task' $display
W: Verilog-2008: [C:/Users/LENOVO/Desktop/backup3/ipcore/fft_fifo/rtl/ipml_sdpram_v1_9_fft_fifo.v(line number: 326)] Ignore 'system task' $display
W: Verilog-2008: [C:/Users/LENOVO/Desktop/backup3/ipcore/fft_fifo/rtl/ipml_sdpram_v1_9_fft_fifo.v(line number: 327)] Ignore 'system task' $finish
W: Verilog-2008: [C:/Users/LENOVO/Desktop/backup3/ipcore/fft_fifo/rtl/ipml_sdpram_v1_9_fft_fifo.v(line number: 330)] Ignore 'system task' $display
W: Verilog-2008: [C:/Users/LENOVO/Desktop/backup3/ipcore/fft_fifo/rtl/ipml_sdpram_v1_9_fft_fifo.v(line number: 331)] Ignore 'system task' $finish
W: Verilog-2008: [C:/Users/LENOVO/Desktop/backup3/ipcore/fft_fifo/rtl/ipml_sdpram_v1_9_fft_fifo.v(line number: 334)] Ignore 'system task' $display
W: Verilog-2008: [C:/Users/LENOVO/Desktop/backup3/ipcore/fft_fifo/rtl/ipml_sdpram_v1_9_fft_fifo.v(line number: 335)] Ignore 'system task' $finish
W: Verilog-2008: [C:/Users/LENOVO/Desktop/backup3/ipcore/fft_fifo/rtl/ipml_sdpram_v1_9_fft_fifo.v(line number: 338)] Ignore 'system task' $display
W: Verilog-2008: [C:/Users/LENOVO/Desktop/backup3/ipcore/fft_fifo/rtl/ipml_sdpram_v1_9_fft_fifo.v(line number: 339)] Ignore 'system task' $finish
W: Verilog-2008: [C:/Users/LENOVO/Desktop/backup3/ipcore/fft_fifo/rtl/ipml_sdpram_v1_9_fft_fifo.v(line number: 342)] Ignore 'system task' $display
W: Verilog-2008: [C:/Users/LENOVO/Desktop/backup3/ipcore/fft_fifo/rtl/ipml_sdpram_v1_9_fft_fifo.v(line number: 343)] Ignore 'system task' $finish
W: Verilog-2008: [C:/Users/LENOVO/Desktop/backup3/ipcore/fft_fifo/rtl/ipml_sdpram_v1_9_fft_fifo.v(line number: 346)] Ignore 'system task' $display
W: Verilog-2008: [C:/Users/LENOVO/Desktop/backup3/ipcore/fft_fifo/rtl/ipml_sdpram_v1_9_fft_fifo.v(line number: 347)] Ignore 'system task' $finish
W: Verilog-2008: [C:/Users/LENOVO/Desktop/backup3/ipcore/fft_fifo/rtl/ipml_sdpram_v1_9_fft_fifo.v(line number: 350)] Ignore 'system task' $display
W: Verilog-2008: [C:/Users/LENOVO/Desktop/backup3/ipcore/fft_fifo/rtl/ipml_sdpram_v1_9_fft_fifo.v(line number: 351)] Ignore 'system task' $finish
W: Verilog-2008: [C:/Users/LENOVO/Desktop/backup3/ipcore/fft_fifo/rtl/ipml_sdpram_v1_9_fft_fifo.v(line number: 354)] Ignore 'system task' $display
W: Verilog-2008: [C:/Users/LENOVO/Desktop/backup3/ipcore/fft_fifo/rtl/ipml_sdpram_v1_9_fft_fifo.v(line number: 355)] Ignore 'system task' $finish
W: Verilog-2008: [C:/Users/LENOVO/Desktop/backup3/ipcore/fft_fifo/rtl/ipml_sdpram_v1_9_fft_fifo.v(line number: 358)] Ignore 'system task' $display
W: Verilog-2008: [C:/Users/LENOVO/Desktop/backup3/ipcore/fft_fifo/rtl/ipml_sdpram_v1_9_fft_fifo.v(line number: 359)] Ignore 'system task' $finish
W: Verilog-2008: [C:/Users/LENOVO/Desktop/backup3/ipcore/fft_fifo/rtl/ipml_sdpram_v1_9_fft_fifo.v(line number: 362)] Ignore 'system task' $display
W: Verilog-2008: [C:/Users/LENOVO/Desktop/backup3/ipcore/fft_fifo/rtl/ipml_sdpram_v1_9_fft_fifo.v(line number: 363)] Ignore 'system task' $finish
W: Verilog-2008: [C:/Users/LENOVO/Desktop/backup3/ipcore/fft_fifo/rtl/ipml_sdpram_v1_9_fft_fifo.v(line number: 366)] Ignore 'system task' $display
W: Verilog-2008: [C:/Users/LENOVO/Desktop/backup3/ipcore/fft_fifo/rtl/ipml_sdpram_v1_9_fft_fifo.v(line number: 367)] Ignore 'system task' $finish
W: Verilog-2008: [C:/Users/LENOVO/Desktop/backup3/ipcore/fft_fifo/rtl/ipml_sdpram_v1_9_fft_fifo.v(line number: 371)] Ignore 'system task' $display
W: Verilog-2008: [C:/Users/LENOVO/Desktop/backup3/ipcore/fft_fifo/rtl/ipml_sdpram_v1_9_fft_fifo.v(line number: 372)] Ignore 'system task' $finish
W: Verilog-2008: [C:/Users/LENOVO/Desktop/backup3/ipcore/fft_fifo/rtl/ipml_sdpram_v1_9_fft_fifo.v(line number: 375)] Ignore 'system task' $display
W: Verilog-2008: [C:/Users/LENOVO/Desktop/backup3/ipcore/fft_fifo/rtl/ipml_sdpram_v1_9_fft_fifo.v(line number: 376)] Ignore 'system task' $finish
W: Verilog-2008: [C:/Users/LENOVO/Desktop/backup3/ipcore/fft_fifo/rtl/ipml_sdpram_v1_9_fft_fifo.v(line number: 380)] Ignore 'system task' $display
W: Verilog-2008: [C:/Users/LENOVO/Desktop/backup3/ipcore/fft_fifo/rtl/ipml_sdpram_v1_9_fft_fifo.v(line number: 381)] Ignore 'system task' $finish
W: Verilog-2008: [C:/Users/LENOVO/Desktop/backup3/ipcore/fft_fifo/rtl/ipml_sdpram_v1_9_fft_fifo.v(line number: 384)] Ignore 'system task' $display
W: Verilog-2008: [C:/Users/LENOVO/Desktop/backup3/ipcore/fft_fifo/rtl/ipml_sdpram_v1_9_fft_fifo.v(line number: 385)] Ignore 'system task' $finish
W: Verilog-2008: [C:/Users/LENOVO/Desktop/backup3/ipcore/fft_fifo/rtl/ipml_sdpram_v1_9_fft_fifo.v(line number: 388)] Ignore 'system task' $display
W: Verilog-2008: [C:/Users/LENOVO/Desktop/backup3/ipcore/fft_fifo/rtl/ipml_sdpram_v1_9_fft_fifo.v(line number: 389)] Ignore 'system task' $finish
W: Verilog-2008: [C:/Users/LENOVO/Desktop/backup3/ipcore/fft_fifo/rtl/ipml_sdpram_v1_9_fft_fifo.v(line number: 392)] Ignore 'system task' $display
W: Verilog-2008: [C:/Users/LENOVO/Desktop/backup3/ipcore/fft_fifo/rtl/ipml_sdpram_v1_9_fft_fifo.v(line number: 393)] Ignore 'system task' $finish
W: Verilog-2008: [C:/Users/LENOVO/Desktop/backup3/ipcore/fft_fifo/rtl/ipml_sdpram_v1_9_fft_fifo.v(line number: 396)] Ignore 'system task' $display
W: Verilog-2008: [C:/Users/LENOVO/Desktop/backup3/ipcore/fft_fifo/rtl/ipml_sdpram_v1_9_fft_fifo.v(line number: 397)] Ignore 'system task' $finish
W: Verilog-2008: [C:/Users/LENOVO/Desktop/backup3/ipcore/fft_fifo/rtl/ipml_sdpram_v1_9_fft_fifo.v(line number: 402)] Ignore 'system task' $display
W: Verilog-2008: [C:/Users/LENOVO/Desktop/backup3/ipcore/fft_fifo/rtl/ipml_sdpram_v1_9_fft_fifo.v(line number: 403)] Ignore 'system task' $finish
W: Verilog-2008: [C:/Users/LENOVO/Desktop/backup3/ipcore/fft_fifo/rtl/ipml_sdpram_v1_9_fft_fifo.v(line number: 406)] Ignore 'system task' $display
W: Verilog-2008: [C:/Users/LENOVO/Desktop/backup3/ipcore/fft_fifo/rtl/ipml_sdpram_v1_9_fft_fifo.v(line number: 407)] Ignore 'system task' $finish
W: Verilog-2008: [C:/Users/LENOVO/Desktop/backup3/ipcore/fft_fifo/rtl/ipml_sdpram_v1_9_fft_fifo.v(line number: 412)] Ignore 'system task' $display
W: Verilog-2008: [C:/Users/LENOVO/Desktop/backup3/ipcore/fft_fifo/rtl/ipml_sdpram_v1_9_fft_fifo.v(line number: 413)] Ignore 'system task' $finish
Parsing done.
Executing : .rtl_analyze -include_path {C:/Users/LENOVO/Desktop/backup3} C:/Users/LENOVO/Desktop/backup3/ipcore/fft_fifo/rtl/ipml_sdpram_v1_9_fft_fifo.v successfully.
Executing : .rtl_analyze -include_path {C:/Users/LENOVO/Desktop/backup3} C:/Users/LENOVO/Desktop/backup3/ipcore/fft_fifo/rtl/ipml_fifo_v1_9_fft_fifo.v
I: Verilog-0001: Analyzing file C:/Users/LENOVO/Desktop/backup3/ipcore/fft_fifo/rtl/ipml_fifo_v1_9_fft_fifo.v
I: Verilog-0002: [C:/Users/LENOVO/Desktop/backup3/ipcore/fft_fifo/rtl/ipml_fifo_v1_9_fft_fifo.v(line number: 23)] Analyzing module ipml_fifo_v1_9_fft_fifo (library work)
Parsing done.
Executing : .rtl_analyze -include_path {C:/Users/LENOVO/Desktop/backup3} C:/Users/LENOVO/Desktop/backup3/ipcore/fft_fifo/rtl/ipml_fifo_v1_9_fft_fifo.v successfully.
Executing : .rtl_analyze -include_path {C:/Users/LENOVO/Desktop/backup3} C:/Users/LENOVO/Desktop/backup3/ipcore/fft_fifo/fft_fifo.v
I: Verilog-0001: Analyzing file C:/Users/LENOVO/Desktop/backup3/ipcore/fft_fifo/fft_fifo.v
I: Verilog-0002: [C:/Users/LENOVO/Desktop/backup3/ipcore/fft_fifo/fft_fifo.v(line number: 16)] Analyzing module fft_fifo (library work)
Parsing done.
Executing : .rtl_analyze -include_path {C:/Users/LENOVO/Desktop/backup3} C:/Users/LENOVO/Desktop/backup3/ipcore/fft_fifo/fft_fifo.v successfully.
Executing : .rtl_analyze -include_path {C:/Users/LENOVO/Desktop/backup3} C:/Users/LENOVO/Desktop/backup3/ipcore/rom_char/rtl/ipml_rom_v1_7_rom_char.v
I: Verilog-0001: Analyzing file C:/Users/LENOVO/Desktop/backup3/ipcore/rom_char/rtl/ipml_rom_v1_7_rom_char.v
I: Verilog-0002: [C:/Users/LENOVO/Desktop/backup3/ipcore/rom_char/rtl/ipml_rom_v1_7_rom_char.v(line number: 18)] Analyzing module ipml_rom_v1_7_rom_char (library work)
Parsing done.
Executing : .rtl_analyze -include_path {C:/Users/LENOVO/Desktop/backup3} C:/Users/LENOVO/Desktop/backup3/ipcore/rom_char/rtl/ipml_rom_v1_7_rom_char.v successfully.
Executing : .rtl_analyze -include_path {C:/Users/LENOVO/Desktop/backup3} C:/Users/LENOVO/Desktop/backup3/ipcore/rom_char/rtl/ipml_spram_v1_7_rom_char.v
I: Verilog-0001: Analyzing file C:/Users/LENOVO/Desktop/backup3/ipcore/rom_char/rtl/ipml_spram_v1_7_rom_char.v
I: Verilog-0002: [C:/Users/LENOVO/Desktop/backup3/ipcore/rom_char/rtl/ipml_spram_v1_7_rom_char.v(line number: 17)] Analyzing module ipml_spram_v1_7_rom_char (library work)
I: Found Verilog include file C:/Users/LENOVO/Desktop/backup3/ipcore/rom_char/rtl/rom_char_init_param.v
W: Verilog-2008: [C:/Users/LENOVO/Desktop/backup3/ipcore/rom_char/rtl/ipml_spram_v1_7_rom_char.v(line number: 140)] Ignore 'system task' $display
W: Verilog-2008: [C:/Users/LENOVO/Desktop/backup3/ipcore/rom_char/rtl/ipml_spram_v1_7_rom_char.v(line number: 144)] Ignore 'system task' $display
W: Verilog-2008: [C:/Users/LENOVO/Desktop/backup3/ipcore/rom_char/rtl/ipml_spram_v1_7_rom_char.v(line number: 148)] Ignore 'system task' $display
W: Verilog-2008: [C:/Users/LENOVO/Desktop/backup3/ipcore/rom_char/rtl/ipml_spram_v1_7_rom_char.v(line number: 149)] Ignore 'system task' $finish
W: Verilog-2008: [C:/Users/LENOVO/Desktop/backup3/ipcore/rom_char/rtl/ipml_spram_v1_7_rom_char.v(line number: 152)] Ignore 'system task' $display
W: Verilog-2008: [C:/Users/LENOVO/Desktop/backup3/ipcore/rom_char/rtl/ipml_spram_v1_7_rom_char.v(line number: 153)] Ignore 'system task' $finish
W: Verilog-2008: [C:/Users/LENOVO/Desktop/backup3/ipcore/rom_char/rtl/ipml_spram_v1_7_rom_char.v(line number: 156)] Ignore 'system task' $display
W: Verilog-2008: [C:/Users/LENOVO/Desktop/backup3/ipcore/rom_char/rtl/ipml_spram_v1_7_rom_char.v(line number: 157)] Ignore 'system task' $finish
W: Verilog-2008: [C:/Users/LENOVO/Desktop/backup3/ipcore/rom_char/rtl/ipml_spram_v1_7_rom_char.v(line number: 160)] Ignore 'system task' $display
W: Verilog-2008: [C:/Users/LENOVO/Desktop/backup3/ipcore/rom_char/rtl/ipml_spram_v1_7_rom_char.v(line number: 161)] Ignore 'system task' $finish
W: Verilog-2008: [C:/Users/LENOVO/Desktop/backup3/ipcore/rom_char/rtl/ipml_spram_v1_7_rom_char.v(line number: 164)] Ignore 'system task' $display
W: Verilog-2008: [C:/Users/LENOVO/Desktop/backup3/ipcore/rom_char/rtl/ipml_spram_v1_7_rom_char.v(line number: 165)] Ignore 'system task' $finish
W: Verilog-2008: [C:/Users/LENOVO/Desktop/backup3/ipcore/rom_char/rtl/ipml_spram_v1_7_rom_char.v(line number: 168)] Ignore 'system task' $display
W: Verilog-2008: [C:/Users/LENOVO/Desktop/backup3/ipcore/rom_char/rtl/ipml_spram_v1_7_rom_char.v(line number: 169)] Ignore 'system task' $finish
W: Verilog-2008: [C:/Users/LENOVO/Desktop/backup3/ipcore/rom_char/rtl/ipml_spram_v1_7_rom_char.v(line number: 172)] Ignore 'system task' $display
W: Verilog-2008: [C:/Users/LENOVO/Desktop/backup3/ipcore/rom_char/rtl/ipml_spram_v1_7_rom_char.v(line number: 173)] Ignore 'system task' $finish
W: Verilog-2008: [C:/Users/LENOVO/Desktop/backup3/ipcore/rom_char/rtl/ipml_spram_v1_7_rom_char.v(line number: 176)] Ignore 'system task' $display
W: Verilog-2008: [C:/Users/LENOVO/Desktop/backup3/ipcore/rom_char/rtl/ipml_spram_v1_7_rom_char.v(line number: 177)] Ignore 'system task' $finish
W: Verilog-2008: [C:/Users/LENOVO/Desktop/backup3/ipcore/rom_char/rtl/ipml_spram_v1_7_rom_char.v(line number: 180)] Ignore 'system task' $display
W: Verilog-2008: [C:/Users/LENOVO/Desktop/backup3/ipcore/rom_char/rtl/ipml_spram_v1_7_rom_char.v(line number: 181)] Ignore 'system task' $finish
W: Verilog-2008: [C:/Users/LENOVO/Desktop/backup3/ipcore/rom_char/rtl/ipml_spram_v1_7_rom_char.v(line number: 184)] Ignore 'system task' $display
W: Verilog-2008: [C:/Users/LENOVO/Desktop/backup3/ipcore/rom_char/rtl/ipml_spram_v1_7_rom_char.v(line number: 185)] Ignore 'system task' $finish
W: Verilog-2008: [C:/Users/LENOVO/Desktop/backup3/ipcore/rom_char/rtl/ipml_spram_v1_7_rom_char.v(line number: 188)] Ignore 'system task' $display
W: Verilog-2008: [C:/Users/LENOVO/Desktop/backup3/ipcore/rom_char/rtl/ipml_spram_v1_7_rom_char.v(line number: 189)] Ignore 'system task' $finish
W: Verilog-2008: [C:/Users/LENOVO/Desktop/backup3/ipcore/rom_char/rtl/ipml_spram_v1_7_rom_char.v(line number: 192)] Ignore 'system task' $display
W: Verilog-2008: [C:/Users/LENOVO/Desktop/backup3/ipcore/rom_char/rtl/ipml_spram_v1_7_rom_char.v(line number: 193)] Ignore 'system task' $finish
W: Verilog-2008: [C:/Users/LENOVO/Desktop/backup3/ipcore/rom_char/rtl/ipml_spram_v1_7_rom_char.v(line number: 197)] Ignore 'system task' $display
W: Verilog-2008: [C:/Users/LENOVO/Desktop/backup3/ipcore/rom_char/rtl/ipml_spram_v1_7_rom_char.v(line number: 198)] Ignore 'system task' $finish
W: Verilog-2008: [C:/Users/LENOVO/Desktop/backup3/ipcore/rom_char/rtl/ipml_spram_v1_7_rom_char.v(line number: 201)] Ignore 'system task' $display
W: Verilog-2008: [C:/Users/LENOVO/Desktop/backup3/ipcore/rom_char/rtl/ipml_spram_v1_7_rom_char.v(line number: 202)] Ignore 'system task' $finish
W: Verilog-2008: [C:/Users/LENOVO/Desktop/backup3/ipcore/rom_char/rtl/ipml_spram_v1_7_rom_char.v(line number: 206)] Ignore 'system task' $display
W: Verilog-2008: [C:/Users/LENOVO/Desktop/backup3/ipcore/rom_char/rtl/ipml_spram_v1_7_rom_char.v(line number: 207)] Ignore 'system task' $finish
W: Verilog-2008: [C:/Users/LENOVO/Desktop/backup3/ipcore/rom_char/rtl/ipml_spram_v1_7_rom_char.v(line number: 214)] Ignore 'system task' $display
W: Verilog-2008: [C:/Users/LENOVO/Desktop/backup3/ipcore/rom_char/rtl/ipml_spram_v1_7_rom_char.v(line number: 215)] Ignore 'system task' $finish
Parsing done.
Executing : .rtl_analyze -include_path {C:/Users/LENOVO/Desktop/backup3} C:/Users/LENOVO/Desktop/backup3/ipcore/rom_char/rtl/ipml_spram_v1_7_rom_char.v successfully.
Executing : .rtl_analyze -include_path {C:/Users/LENOVO/Desktop/backup3} C:/Users/LENOVO/Desktop/backup3/ipcore/rom_char/rom_char.v
I: Verilog-0001: Analyzing file C:/Users/LENOVO/Desktop/backup3/ipcore/rom_char/rom_char.v
I: Verilog-0002: [C:/Users/LENOVO/Desktop/backup3/ipcore/rom_char/rom_char.v(line number: 16)] Analyzing module rom_char (library work)
Parsing done.
Executing : .rtl_analyze -include_path {C:/Users/LENOVO/Desktop/backup3} C:/Users/LENOVO/Desktop/backup3/ipcore/rom_char/rom_char.v successfully.
Executing : .rtl_analyze -include_path {C:/Users/LENOVO/Desktop/backup3} C:/Users/LENOVO/Desktop/backup3/ipcore/meter_pll/meter_pll.v
I: Verilog-0001: Analyzing file C:/Users/LENOVO/Desktop/backup3/ipcore/meter_pll/meter_pll.v
I: Verilog-0002: [C:/Users/LENOVO/Desktop/backup3/ipcore/meter_pll/meter_pll.v(line number: 18)] Analyzing module meter_pll (library work)
Parsing done.
Executing : .rtl_analyze -include_path {C:/Users/LENOVO/Desktop/backup3} C:/Users/LENOVO/Desktop/backup3/ipcore/meter_pll/meter_pll.v successfully.
Executing : .rtl_analyze -include_path {C:/Users/LENOVO/Desktop/backup3} C:/Users/LENOVO/Desktop/backup3/ipcore/thd_ram/rtl/ipml_sdpram_v1_8_thd_ram.v
I: Verilog-0001: Analyzing file C:/Users/LENOVO/Desktop/backup3/ipcore/thd_ram/rtl/ipml_sdpram_v1_8_thd_ram.v
I: Verilog-0002: [C:/Users/LENOVO/Desktop/backup3/ipcore/thd_ram/rtl/ipml_sdpram_v1_8_thd_ram.v(line number: 18)] Analyzing module ipml_sdpram_v1_8_thd_ram (library work)
W: Verilog-2008: [C:/Users/LENOVO/Desktop/backup3/ipcore/thd_ram/rtl/ipml_sdpram_v1_8_thd_ram.v(line number: 310)] Ignore 'system task' $display
W: Verilog-2008: [C:/Users/LENOVO/Desktop/backup3/ipcore/thd_ram/rtl/ipml_sdpram_v1_8_thd_ram.v(line number: 311)] Ignore 'system task' $finish
W: Verilog-2008: [C:/Users/LENOVO/Desktop/backup3/ipcore/thd_ram/rtl/ipml_sdpram_v1_8_thd_ram.v(line number: 314)] Ignore 'system task' $display
W: Verilog-2008: [C:/Users/LENOVO/Desktop/backup3/ipcore/thd_ram/rtl/ipml_sdpram_v1_8_thd_ram.v(line number: 318)] Ignore 'system task' $display
W: Verilog-2008: [C:/Users/LENOVO/Desktop/backup3/ipcore/thd_ram/rtl/ipml_sdpram_v1_8_thd_ram.v(line number: 322)] Ignore 'system task' $display
W: Verilog-2008: [C:/Users/LENOVO/Desktop/backup3/ipcore/thd_ram/rtl/ipml_sdpram_v1_8_thd_ram.v(line number: 326)] Ignore 'system task' $display
W: Verilog-2008: [C:/Users/LENOVO/Desktop/backup3/ipcore/thd_ram/rtl/ipml_sdpram_v1_8_thd_ram.v(line number: 330)] Ignore 'system task' $display
W: Verilog-2008: [C:/Users/LENOVO/Desktop/backup3/ipcore/thd_ram/rtl/ipml_sdpram_v1_8_thd_ram.v(line number: 331)] Ignore 'system task' $finish
W: Verilog-2008: [C:/Users/LENOVO/Desktop/backup3/ipcore/thd_ram/rtl/ipml_sdpram_v1_8_thd_ram.v(line number: 334)] Ignore 'system task' $display
W: Verilog-2008: [C:/Users/LENOVO/Desktop/backup3/ipcore/thd_ram/rtl/ipml_sdpram_v1_8_thd_ram.v(line number: 335)] Ignore 'system task' $finish
W: Verilog-2008: [C:/Users/LENOVO/Desktop/backup3/ipcore/thd_ram/rtl/ipml_sdpram_v1_8_thd_ram.v(line number: 338)] Ignore 'system task' $display
W: Verilog-2008: [C:/Users/LENOVO/Desktop/backup3/ipcore/thd_ram/rtl/ipml_sdpram_v1_8_thd_ram.v(line number: 339)] Ignore 'system task' $finish
W: Verilog-2008: [C:/Users/LENOVO/Desktop/backup3/ipcore/thd_ram/rtl/ipml_sdpram_v1_8_thd_ram.v(line number: 342)] Ignore 'system task' $display
W: Verilog-2008: [C:/Users/LENOVO/Desktop/backup3/ipcore/thd_ram/rtl/ipml_sdpram_v1_8_thd_ram.v(line number: 343)] Ignore 'system task' $finish
W: Verilog-2008: [C:/Users/LENOVO/Desktop/backup3/ipcore/thd_ram/rtl/ipml_sdpram_v1_8_thd_ram.v(line number: 346)] Ignore 'system task' $display
W: Verilog-2008: [C:/Users/LENOVO/Desktop/backup3/ipcore/thd_ram/rtl/ipml_sdpram_v1_8_thd_ram.v(line number: 347)] Ignore 'system task' $finish
W: Verilog-2008: [C:/Users/LENOVO/Desktop/backup3/ipcore/thd_ram/rtl/ipml_sdpram_v1_8_thd_ram.v(line number: 350)] Ignore 'system task' $display
W: Verilog-2008: [C:/Users/LENOVO/Desktop/backup3/ipcore/thd_ram/rtl/ipml_sdpram_v1_8_thd_ram.v(line number: 351)] Ignore 'system task' $finish
W: Verilog-2008: [C:/Users/LENOVO/Desktop/backup3/ipcore/thd_ram/rtl/ipml_sdpram_v1_8_thd_ram.v(line number: 354)] Ignore 'system task' $display
W: Verilog-2008: [C:/Users/LENOVO/Desktop/backup3/ipcore/thd_ram/rtl/ipml_sdpram_v1_8_thd_ram.v(line number: 355)] Ignore 'system task' $finish
W: Verilog-2008: [C:/Users/LENOVO/Desktop/backup3/ipcore/thd_ram/rtl/ipml_sdpram_v1_8_thd_ram.v(line number: 358)] Ignore 'system task' $display
W: Verilog-2008: [C:/Users/LENOVO/Desktop/backup3/ipcore/thd_ram/rtl/ipml_sdpram_v1_8_thd_ram.v(line number: 359)] Ignore 'system task' $finish
W: Verilog-2008: [C:/Users/LENOVO/Desktop/backup3/ipcore/thd_ram/rtl/ipml_sdpram_v1_8_thd_ram.v(line number: 362)] Ignore 'system task' $display
W: Verilog-2008: [C:/Users/LENOVO/Desktop/backup3/ipcore/thd_ram/rtl/ipml_sdpram_v1_8_thd_ram.v(line number: 363)] Ignore 'system task' $finish
W: Verilog-2008: [C:/Users/LENOVO/Desktop/backup3/ipcore/thd_ram/rtl/ipml_sdpram_v1_8_thd_ram.v(line number: 366)] Ignore 'system task' $display
W: Verilog-2008: [C:/Users/LENOVO/Desktop/backup3/ipcore/thd_ram/rtl/ipml_sdpram_v1_8_thd_ram.v(line number: 367)] Ignore 'system task' $finish
W: Verilog-2008: [C:/Users/LENOVO/Desktop/backup3/ipcore/thd_ram/rtl/ipml_sdpram_v1_8_thd_ram.v(line number: 370)] Ignore 'system task' $display
W: Verilog-2008: [C:/Users/LENOVO/Desktop/backup3/ipcore/thd_ram/rtl/ipml_sdpram_v1_8_thd_ram.v(line number: 371)] Ignore 'system task' $finish
W: Verilog-2008: [C:/Users/LENOVO/Desktop/backup3/ipcore/thd_ram/rtl/ipml_sdpram_v1_8_thd_ram.v(line number: 375)] Ignore 'system task' $display
W: Verilog-2008: [C:/Users/LENOVO/Desktop/backup3/ipcore/thd_ram/rtl/ipml_sdpram_v1_8_thd_ram.v(line number: 376)] Ignore 'system task' $finish
W: Verilog-2008: [C:/Users/LENOVO/Desktop/backup3/ipcore/thd_ram/rtl/ipml_sdpram_v1_8_thd_ram.v(line number: 379)] Ignore 'system task' $display
W: Verilog-2008: [C:/Users/LENOVO/Desktop/backup3/ipcore/thd_ram/rtl/ipml_sdpram_v1_8_thd_ram.v(line number: 380)] Ignore 'system task' $finish
W: Verilog-2008: [C:/Users/LENOVO/Desktop/backup3/ipcore/thd_ram/rtl/ipml_sdpram_v1_8_thd_ram.v(line number: 384)] Ignore 'system task' $display
W: Verilog-2008: [C:/Users/LENOVO/Desktop/backup3/ipcore/thd_ram/rtl/ipml_sdpram_v1_8_thd_ram.v(line number: 385)] Ignore 'system task' $finish
W: Verilog-2008: [C:/Users/LENOVO/Desktop/backup3/ipcore/thd_ram/rtl/ipml_sdpram_v1_8_thd_ram.v(line number: 388)] Ignore 'system task' $display
W: Verilog-2008: [C:/Users/LENOVO/Desktop/backup3/ipcore/thd_ram/rtl/ipml_sdpram_v1_8_thd_ram.v(line number: 389)] Ignore 'system task' $finish
W: Verilog-2008: [C:/Users/LENOVO/Desktop/backup3/ipcore/thd_ram/rtl/ipml_sdpram_v1_8_thd_ram.v(line number: 392)] Ignore 'system task' $display
W: Verilog-2008: [C:/Users/LENOVO/Desktop/backup3/ipcore/thd_ram/rtl/ipml_sdpram_v1_8_thd_ram.v(line number: 393)] Ignore 'system task' $finish
W: Verilog-2008: [C:/Users/LENOVO/Desktop/backup3/ipcore/thd_ram/rtl/ipml_sdpram_v1_8_thd_ram.v(line number: 396)] Ignore 'system task' $display
W: Verilog-2008: [C:/Users/LENOVO/Desktop/backup3/ipcore/thd_ram/rtl/ipml_sdpram_v1_8_thd_ram.v(line number: 397)] Ignore 'system task' $finish
W: Verilog-2008: [C:/Users/LENOVO/Desktop/backup3/ipcore/thd_ram/rtl/ipml_sdpram_v1_8_thd_ram.v(line number: 400)] Ignore 'system task' $display
W: Verilog-2008: [C:/Users/LENOVO/Desktop/backup3/ipcore/thd_ram/rtl/ipml_sdpram_v1_8_thd_ram.v(line number: 401)] Ignore 'system task' $finish
W: Verilog-2008: [C:/Users/LENOVO/Desktop/backup3/ipcore/thd_ram/rtl/ipml_sdpram_v1_8_thd_ram.v(line number: 406)] Ignore 'system task' $display
W: Verilog-2008: [C:/Users/LENOVO/Desktop/backup3/ipcore/thd_ram/rtl/ipml_sdpram_v1_8_thd_ram.v(line number: 407)] Ignore 'system task' $finish
W: Verilog-2008: [C:/Users/LENOVO/Desktop/backup3/ipcore/thd_ram/rtl/ipml_sdpram_v1_8_thd_ram.v(line number: 410)] Ignore 'system task' $display
W: Verilog-2008: [C:/Users/LENOVO/Desktop/backup3/ipcore/thd_ram/rtl/ipml_sdpram_v1_8_thd_ram.v(line number: 411)] Ignore 'system task' $finish
W: Verilog-2008: [C:/Users/LENOVO/Desktop/backup3/ipcore/thd_ram/rtl/ipml_sdpram_v1_8_thd_ram.v(line number: 416)] Ignore 'system task' $display
W: Verilog-2008: [C:/Users/LENOVO/Desktop/backup3/ipcore/thd_ram/rtl/ipml_sdpram_v1_8_thd_ram.v(line number: 417)] Ignore 'system task' $finish
Parsing done.
Executing : .rtl_analyze -include_path {C:/Users/LENOVO/Desktop/backup3} C:/Users/LENOVO/Desktop/backup3/ipcore/thd_ram/rtl/ipml_sdpram_v1_8_thd_ram.v successfully.
Executing : .rtl_analyze -include_path {C:/Users/LENOVO/Desktop/backup3} C:/Users/LENOVO/Desktop/backup3/ipcore/thd_ram/thd_ram.v
I: Verilog-0001: Analyzing file C:/Users/LENOVO/Desktop/backup3/ipcore/thd_ram/thd_ram.v
I: Verilog-0002: [C:/Users/LENOVO/Desktop/backup3/ipcore/thd_ram/thd_ram.v(line number: 16)] Analyzing module thd_ram (library work)
Parsing done.
Executing : .rtl_analyze -include_path {C:/Users/LENOVO/Desktop/backup3} C:/Users/LENOVO/Desktop/backup3/ipcore/thd_ram/thd_ram.v successfully.
Executing : .rtl_analyze -include_path {C:/Users/LENOVO/Desktop/backup3} C:/Users/LENOVO/Desktop/backup3/ipcore/wnr_fifo/rtl/ipml_fifo_ctrl_v1_4_wnr_fifo.v
I: Verilog-0001: Analyzing file C:/Users/LENOVO/Desktop/backup3/ipcore/wnr_fifo/rtl/ipml_fifo_ctrl_v1_4_wnr_fifo.v
I: Verilog-0002: [C:/Users/LENOVO/Desktop/backup3/ipcore/wnr_fifo/rtl/ipml_fifo_ctrl_v1_4_wnr_fifo.v(line number: 22)] Analyzing module ipml_fifo_ctrl_v1_4_wnr_fifo (library work)
I: [C:/Users/LENOVO/Desktop/backup3/ipcore/wnr_fifo/rtl/ipml_fifo_ctrl_v1_4_wnr_fifo.v(line number: 52)] Convert attribute name from syn_preserve to PAP_PRESERVE
I: [C:/Users/LENOVO/Desktop/backup3/ipcore/wnr_fifo/rtl/ipml_fifo_ctrl_v1_4_wnr_fifo.v(line number: 54)] Convert attribute name from syn_preserve to PAP_PRESERVE
I: [C:/Users/LENOVO/Desktop/backup3/ipcore/wnr_fifo/rtl/ipml_fifo_ctrl_v1_4_wnr_fifo.v(line number: 65)] Convert attribute name from syn_preserve to PAP_PRESERVE
I: [C:/Users/LENOVO/Desktop/backup3/ipcore/wnr_fifo/rtl/ipml_fifo_ctrl_v1_4_wnr_fifo.v(line number: 67)] Convert attribute name from syn_preserve to PAP_PRESERVE
Parsing done.
Executing : .rtl_analyze -include_path {C:/Users/LENOVO/Desktop/backup3} C:/Users/LENOVO/Desktop/backup3/ipcore/wnr_fifo/rtl/ipml_fifo_ctrl_v1_4_wnr_fifo.v successfully.
Executing : .rtl_analyze -include_path {C:/Users/LENOVO/Desktop/backup3} C:/Users/LENOVO/Desktop/backup3/ipcore/wnr_fifo/rtl/ipml_sdpram_v1_9_wnr_fifo.v
I: Verilog-0001: Analyzing file C:/Users/LENOVO/Desktop/backup3/ipcore/wnr_fifo/rtl/ipml_sdpram_v1_9_wnr_fifo.v
I: Verilog-0002: [C:/Users/LENOVO/Desktop/backup3/ipcore/wnr_fifo/rtl/ipml_sdpram_v1_9_wnr_fifo.v(line number: 18)] Analyzing module ipml_sdpram_v1_9_wnr_fifo (library work)
W: Verilog-2008: [C:/Users/LENOVO/Desktop/backup3/ipcore/wnr_fifo/rtl/ipml_sdpram_v1_9_wnr_fifo.v(line number: 306)] Ignore 'system task' $display
W: Verilog-2008: [C:/Users/LENOVO/Desktop/backup3/ipcore/wnr_fifo/rtl/ipml_sdpram_v1_9_wnr_fifo.v(line number: 307)] Ignore 'system task' $finish
W: Verilog-2008: [C:/Users/LENOVO/Desktop/backup3/ipcore/wnr_fifo/rtl/ipml_sdpram_v1_9_wnr_fifo.v(line number: 310)] Ignore 'system task' $display
W: Verilog-2008: [C:/Users/LENOVO/Desktop/backup3/ipcore/wnr_fifo/rtl/ipml_sdpram_v1_9_wnr_fifo.v(line number: 314)] Ignore 'system task' $display
W: Verilog-2008: [C:/Users/LENOVO/Desktop/backup3/ipcore/wnr_fifo/rtl/ipml_sdpram_v1_9_wnr_fifo.v(line number: 318)] Ignore 'system task' $display
W: Verilog-2008: [C:/Users/LENOVO/Desktop/backup3/ipcore/wnr_fifo/rtl/ipml_sdpram_v1_9_wnr_fifo.v(line number: 322)] Ignore 'system task' $display
W: Verilog-2008: [C:/Users/LENOVO/Desktop/backup3/ipcore/wnr_fifo/rtl/ipml_sdpram_v1_9_wnr_fifo.v(line number: 326)] Ignore 'system task' $display
W: Verilog-2008: [C:/Users/LENOVO/Desktop/backup3/ipcore/wnr_fifo/rtl/ipml_sdpram_v1_9_wnr_fifo.v(line number: 327)] Ignore 'system task' $finish
W: Verilog-2008: [C:/Users/LENOVO/Desktop/backup3/ipcore/wnr_fifo/rtl/ipml_sdpram_v1_9_wnr_fifo.v(line number: 330)] Ignore 'system task' $display
W: Verilog-2008: [C:/Users/LENOVO/Desktop/backup3/ipcore/wnr_fifo/rtl/ipml_sdpram_v1_9_wnr_fifo.v(line number: 331)] Ignore 'system task' $finish
W: Verilog-2008: [C:/Users/LENOVO/Desktop/backup3/ipcore/wnr_fifo/rtl/ipml_sdpram_v1_9_wnr_fifo.v(line number: 334)] Ignore 'system task' $display
W: Verilog-2008: [C:/Users/LENOVO/Desktop/backup3/ipcore/wnr_fifo/rtl/ipml_sdpram_v1_9_wnr_fifo.v(line number: 335)] Ignore 'system task' $finish
W: Verilog-2008: [C:/Users/LENOVO/Desktop/backup3/ipcore/wnr_fifo/rtl/ipml_sdpram_v1_9_wnr_fifo.v(line number: 338)] Ignore 'system task' $display
W: Verilog-2008: [C:/Users/LENOVO/Desktop/backup3/ipcore/wnr_fifo/rtl/ipml_sdpram_v1_9_wnr_fifo.v(line number: 339)] Ignore 'system task' $finish
W: Verilog-2008: [C:/Users/LENOVO/Desktop/backup3/ipcore/wnr_fifo/rtl/ipml_sdpram_v1_9_wnr_fifo.v(line number: 342)] Ignore 'system task' $display
W: Verilog-2008: [C:/Users/LENOVO/Desktop/backup3/ipcore/wnr_fifo/rtl/ipml_sdpram_v1_9_wnr_fifo.v(line number: 343)] Ignore 'system task' $finish
W: Verilog-2008: [C:/Users/LENOVO/Desktop/backup3/ipcore/wnr_fifo/rtl/ipml_sdpram_v1_9_wnr_fifo.v(line number: 346)] Ignore 'system task' $display
W: Verilog-2008: [C:/Users/LENOVO/Desktop/backup3/ipcore/wnr_fifo/rtl/ipml_sdpram_v1_9_wnr_fifo.v(line number: 347)] Ignore 'system task' $finish
W: Verilog-2008: [C:/Users/LENOVO/Desktop/backup3/ipcore/wnr_fifo/rtl/ipml_sdpram_v1_9_wnr_fifo.v(line number: 350)] Ignore 'system task' $display
W: Verilog-2008: [C:/Users/LENOVO/Desktop/backup3/ipcore/wnr_fifo/rtl/ipml_sdpram_v1_9_wnr_fifo.v(line number: 351)] Ignore 'system task' $finish
W: Verilog-2008: [C:/Users/LENOVO/Desktop/backup3/ipcore/wnr_fifo/rtl/ipml_sdpram_v1_9_wnr_fifo.v(line number: 354)] Ignore 'system task' $display
W: Verilog-2008: [C:/Users/LENOVO/Desktop/backup3/ipcore/wnr_fifo/rtl/ipml_sdpram_v1_9_wnr_fifo.v(line number: 355)] Ignore 'system task' $finish
W: Verilog-2008: [C:/Users/LENOVO/Desktop/backup3/ipcore/wnr_fifo/rtl/ipml_sdpram_v1_9_wnr_fifo.v(line number: 358)] Ignore 'system task' $display
W: Verilog-2008: [C:/Users/LENOVO/Desktop/backup3/ipcore/wnr_fifo/rtl/ipml_sdpram_v1_9_wnr_fifo.v(line number: 359)] Ignore 'system task' $finish
W: Verilog-2008: [C:/Users/LENOVO/Desktop/backup3/ipcore/wnr_fifo/rtl/ipml_sdpram_v1_9_wnr_fifo.v(line number: 362)] Ignore 'system task' $display
W: Verilog-2008: [C:/Users/LENOVO/Desktop/backup3/ipcore/wnr_fifo/rtl/ipml_sdpram_v1_9_wnr_fifo.v(line number: 363)] Ignore 'system task' $finish
W: Verilog-2008: [C:/Users/LENOVO/Desktop/backup3/ipcore/wnr_fifo/rtl/ipml_sdpram_v1_9_wnr_fifo.v(line number: 366)] Ignore 'system task' $display
W: Verilog-2008: [C:/Users/LENOVO/Desktop/backup3/ipcore/wnr_fifo/rtl/ipml_sdpram_v1_9_wnr_fifo.v(line number: 367)] Ignore 'system task' $finish
W: Verilog-2008: [C:/Users/LENOVO/Desktop/backup3/ipcore/wnr_fifo/rtl/ipml_sdpram_v1_9_wnr_fifo.v(line number: 371)] Ignore 'system task' $display
W: Verilog-2008: [C:/Users/LENOVO/Desktop/backup3/ipcore/wnr_fifo/rtl/ipml_sdpram_v1_9_wnr_fifo.v(line number: 372)] Ignore 'system task' $finish
W: Verilog-2008: [C:/Users/LENOVO/Desktop/backup3/ipcore/wnr_fifo/rtl/ipml_sdpram_v1_9_wnr_fifo.v(line number: 375)] Ignore 'system task' $display
W: Verilog-2008: [C:/Users/LENOVO/Desktop/backup3/ipcore/wnr_fifo/rtl/ipml_sdpram_v1_9_wnr_fifo.v(line number: 376)] Ignore 'system task' $finish
W: Verilog-2008: [C:/Users/LENOVO/Desktop/backup3/ipcore/wnr_fifo/rtl/ipml_sdpram_v1_9_wnr_fifo.v(line number: 380)] Ignore 'system task' $display
W: Verilog-2008: [C:/Users/LENOVO/Desktop/backup3/ipcore/wnr_fifo/rtl/ipml_sdpram_v1_9_wnr_fifo.v(line number: 381)] Ignore 'system task' $finish
W: Verilog-2008: [C:/Users/LENOVO/Desktop/backup3/ipcore/wnr_fifo/rtl/ipml_sdpram_v1_9_wnr_fifo.v(line number: 384)] Ignore 'system task' $display
W: Verilog-2008: [C:/Users/LENOVO/Desktop/backup3/ipcore/wnr_fifo/rtl/ipml_sdpram_v1_9_wnr_fifo.v(line number: 385)] Ignore 'system task' $finish
W: Verilog-2008: [C:/Users/LENOVO/Desktop/backup3/ipcore/wnr_fifo/rtl/ipml_sdpram_v1_9_wnr_fifo.v(line number: 388)] Ignore 'system task' $display
W: Verilog-2008: [C:/Users/LENOVO/Desktop/backup3/ipcore/wnr_fifo/rtl/ipml_sdpram_v1_9_wnr_fifo.v(line number: 389)] Ignore 'system task' $finish
W: Verilog-2008: [C:/Users/LENOVO/Desktop/backup3/ipcore/wnr_fifo/rtl/ipml_sdpram_v1_9_wnr_fifo.v(line number: 392)] Ignore 'system task' $display
W: Verilog-2008: [C:/Users/LENOVO/Desktop/backup3/ipcore/wnr_fifo/rtl/ipml_sdpram_v1_9_wnr_fifo.v(line number: 393)] Ignore 'system task' $finish
W: Verilog-2008: [C:/Users/LENOVO/Desktop/backup3/ipcore/wnr_fifo/rtl/ipml_sdpram_v1_9_wnr_fifo.v(line number: 396)] Ignore 'system task' $display
W: Verilog-2008: [C:/Users/LENOVO/Desktop/backup3/ipcore/wnr_fifo/rtl/ipml_sdpram_v1_9_wnr_fifo.v(line number: 397)] Ignore 'system task' $finish
W: Verilog-2008: [C:/Users/LENOVO/Desktop/backup3/ipcore/wnr_fifo/rtl/ipml_sdpram_v1_9_wnr_fifo.v(line number: 402)] Ignore 'system task' $display
W: Verilog-2008: [C:/Users/LENOVO/Desktop/backup3/ipcore/wnr_fifo/rtl/ipml_sdpram_v1_9_wnr_fifo.v(line number: 403)] Ignore 'system task' $finish
W: Verilog-2008: [C:/Users/LENOVO/Desktop/backup3/ipcore/wnr_fifo/rtl/ipml_sdpram_v1_9_wnr_fifo.v(line number: 406)] Ignore 'system task' $display
W: Verilog-2008: [C:/Users/LENOVO/Desktop/backup3/ipcore/wnr_fifo/rtl/ipml_sdpram_v1_9_wnr_fifo.v(line number: 407)] Ignore 'system task' $finish
W: Verilog-2008: [C:/Users/LENOVO/Desktop/backup3/ipcore/wnr_fifo/rtl/ipml_sdpram_v1_9_wnr_fifo.v(line number: 412)] Ignore 'system task' $display
W: Verilog-2008: [C:/Users/LENOVO/Desktop/backup3/ipcore/wnr_fifo/rtl/ipml_sdpram_v1_9_wnr_fifo.v(line number: 413)] Ignore 'system task' $finish
Parsing done.
Executing : .rtl_analyze -include_path {C:/Users/LENOVO/Desktop/backup3} C:/Users/LENOVO/Desktop/backup3/ipcore/wnr_fifo/rtl/ipml_sdpram_v1_9_wnr_fifo.v successfully.
Executing : .rtl_analyze -include_path {C:/Users/LENOVO/Desktop/backup3} C:/Users/LENOVO/Desktop/backup3/ipcore/wnr_fifo/rtl/ipml_fifo_v1_9_wnr_fifo.v
I: Verilog-0001: Analyzing file C:/Users/LENOVO/Desktop/backup3/ipcore/wnr_fifo/rtl/ipml_fifo_v1_9_wnr_fifo.v
I: Verilog-0002: [C:/Users/LENOVO/Desktop/backup3/ipcore/wnr_fifo/rtl/ipml_fifo_v1_9_wnr_fifo.v(line number: 23)] Analyzing module ipml_fifo_v1_9_wnr_fifo (library work)
Parsing done.
Executing : .rtl_analyze -include_path {C:/Users/LENOVO/Desktop/backup3} C:/Users/LENOVO/Desktop/backup3/ipcore/wnr_fifo/rtl/ipml_fifo_v1_9_wnr_fifo.v successfully.
Executing : .rtl_analyze -include_path {C:/Users/LENOVO/Desktop/backup3} C:/Users/LENOVO/Desktop/backup3/ipcore/wnr_fifo/wnr_fifo.v
I: Verilog-0001: Analyzing file C:/Users/LENOVO/Desktop/backup3/ipcore/wnr_fifo/wnr_fifo.v
I: Verilog-0002: [C:/Users/LENOVO/Desktop/backup3/ipcore/wnr_fifo/wnr_fifo.v(line number: 16)] Analyzing module wnr_fifo (library work)
Parsing done.
Executing : .rtl_analyze -include_path {C:/Users/LENOVO/Desktop/backup3} C:/Users/LENOVO/Desktop/backup3/ipcore/wnr_fifo/wnr_fifo.v successfully.
I: Module "ad_da_hdmi_top" is set as top module.
Program Error Out.
Action compile: Real time elapsed is 0h:0m:7s
Action compile: CPU time elapsed is 0h:0m:1s
Action compile: Process CPU time elapsed is 0h:0m:1s
Current time: Thu Nov  6 17:12:36 2025
Action compile: Peak memory pool usage is 207 MB
