IP Generator (Version 2022.2-SP6.4 build 146967)
Check out license ...
Start generating at 2025-11-05 22:26
Instance: fft_fifo (C:\Users\LENOVO\Desktop\modify\ipcore\fft_fifo\fft_fifo.idf)
IP: Pango DRM Based FIFO (1.9)
Part: Logos-PGL50H-FBG484--5
Create directory 'rtl' ...
Copy 'rtl\ipml_fifo_ctrl_v1_4.v.xml' to 'rtl' ...
Copy 'rtl\ipml_fifo_v1_9.v.xml' to 'rtl' ...
Copy 'rtl\ipml_prefetch_fifo_v1_9.v.xml' to 'rtl' ...
Copy 'rtl\ipml_reg_fifo_v1_1.v.xml' to 'rtl' ...
Copy 'rtl\ipml_sdpram_v1_9.v.xml' to 'rtl' ...
Compile file 'rtl\ipml_sdpram_v1_9.v.xml' to 'rtl\ipml_sdpram_v1_9_fft_fifo.v' ...
Compile file 'rtl\ipml_fifo_v1_9.v.xml' to 'rtl\ipml_fifo_v1_9_fft_fifo.v' ...
Compile file 'rtl\ipml_fifo_ctrl_v1_4.v.xml' to 'rtl\ipml_fifo_ctrl_v1_4_fft_fifo.v' ...
Compile file 'rtl\ipml_prefetch_fifo_v1_9.v.xml' to 'rtl\ipml_prefetch_fifo_v1_9_fft_fifo.v' ...
Compile file 'rtl\ipml_reg_fifo_v1_1.v.xml' to 'rtl\ipml_reg_fifo_v1_1_fft_fifo.v' ...
Copy 'ipml_fifo_wrapper_v1_9.v.xml' ...
Compile file 'ipml_fifo_wrapper_v1_9.v.xml' to 'fft_fifo.v' ...
Found top module 'fft_fifo' in file 'fft_fifo.v'.
Copy 'ipml_prefetch_fifo_wrapper_v1_9.v.xml' ...
Compile file 'ipml_prefetch_fifo_wrapper_v1_9.v.xml' to 'fft_fifo_prefetch.v' ...
Copy 'ipml_fifo_wrapper_v1_3_tb.v.xml' ...
Compile file 'ipml_fifo_wrapper_v1_3_tb.v.xml' to 'fft_fifo_tb.v' ...
Create template file 'fft_fifo_tmpl.v' ...
Create template file 'fft_fifo_tmpl.vhdl' ...
There are 4 source files to synthesize.
Synthesis is disabled.
Done: 0 error(s), 0 warning(s)
