#Build: Fabric Compiler 2022.2-SP6.4, Build 146967, Jan 31 01:39 2024
#Install: D:\PDS_2022.2-SP6.4\bin
#Application name: pds.exe
#OS: Windows 10 10.0.22621
#Hostname: LAPTOP-OF-XFH
Generated by Fabric Compiler (version 2022.2-SP6.4 build 146967) at Fri Nov 14 21:02:55 2025
Parse module hierarchy of project 'C:/Users/lilpheonix/Downloads/backup3/backup3/temp_projects/Main_Flow/Main_Flow.pds' (ADS Parser)
Parse module hierarchy of project 'C:/Users/lilpheonix/Downloads/backup3/backup3/temp_projects/Main_Flow/Main_Flow.pds' (ADS Parser)
I: Flow-6004: Design file modified: "C:/Users/lilpheonix/Downloads/backup3/backup3/source/ad_da_hdmi_top.v". 
Parse module hierarchy of project 'C:/Users/lilpheonix/Downloads/backup3/backup3/temp_projects/Main_Flow/Main_Flow.pds' (ADS Parser)
I: Flow-6004: Design file modified: "C:/Users/lilpheonix/Downloads/backup3/backup3/source/ad_da_hdmi_top.v". 
Parse module hierarchy of project 'C:/Users/lilpheonix/Downloads/backup3/backup3/temp_projects/Main_Flow/Main_Flow.pds' (ADS Parser)
I: Flow-6004: Design file modified: "C:/Users/lilpheonix/Downloads/backup3/backup3/source/ad_da_hdmi_top.v". 
Parse module hierarchy of project 'C:/Users/lilpheonix/Downloads/backup3/backup3/temp_projects/Main_Flow/Main_Flow.pds' (ADS Parser)
I: Flow-6004: Design file modified: "C:/Users/lilpheonix/Downloads/backup3/backup3/source/ad_da_hdmi_top.v". 
Parse module hierarchy of project 'C:/Users/lilpheonix/Downloads/backup3/backup3/temp_projects/Main_Flow/Main_Flow.pds' (ADS Parser)
I: Flow-6004: Design file modified: "C:/Users/lilpheonix/Downloads/backup3/backup3/source/ad_da_hdmi_top.v". 
Parse module hierarchy of project 'C:/Users/lilpheonix/Downloads/backup3/backup3/temp_projects/Main_Flow/Main_Flow.pds' (ADS Parser)
I: Flow-6004: Design file modified: "C:/Users/lilpheonix/Downloads/backup3/backup3/source/ad_da_hdmi_top.v". 
Parse module hierarchy of project 'C:/Users/lilpheonix/Downloads/backup3/backup3/temp_projects/Main_Flow/Main_Flow.pds' (ADS Parser)
I: Flow-6004: Design file modified: "C:/Users/lilpheonix/Downloads/backup3/backup3/source/ad_da_hdmi_top.v". 
Parse module hierarchy of project 'C:/Users/lilpheonix/Downloads/backup3/backup3/temp_projects/Main_Flow/Main_Flow.pds' (ADS Parser)
I: Flow-6004: Design file modified: "C:/Users/lilpheonix/Downloads/backup3/backup3/source/ad_da_hdmi_top.v". 
Parse module hierarchy of project 'C:/Users/lilpheonix/Downloads/backup3/backup3/temp_projects/Main_Flow/Main_Flow.pds' (ADS Parser)
I: Flow-6004: Design file modified: "C:/Users/lilpheonix/Downloads/backup3/backup3/source/ad_da_hdmi_top.v". 
Parse module hierarchy of project 'C:/Users/lilpheonix/Downloads/backup3/backup3/temp_projects/Main_Flow/Main_Flow.pds' (ADS Parser)
I: Flow-6004: Design file modified: "C:/Users/lilpheonix/Downloads/backup3/backup3/source/ad_da_hdmi_top.v". 
Parse module hierarchy of project 'C:/Users/lilpheonix/Downloads/backup3/backup3/temp_projects/Main_Flow/Main_Flow.pds' (ADS Parser)
I: Flow-6004: Design file modified: "C:/Users/lilpheonix/Downloads/backup3/backup3/source/ad_da_hdmi_top.v". 
Parse module hierarchy of project 'C:/Users/lilpheonix/Downloads/backup3/backup3/temp_projects/Main_Flow/Main_Flow.pds' (ADS Parser)
I: Flow-6004: Design file modified: "C:/Users/lilpheonix/Downloads/backup3/backup3/source/hdmi_test.v". 
