#Build: Fabric Compiler 2022.2-SP6.4, Build 146967, Jan 31 01:39 2024
#Install: D:\PDS_2022.2-SP6.4\bin
#Application name: pds_shell.exe
#OS: Windows 10 10.0.22621
#Hostname: LAPTOP-OF-XFH
Generated by Fabric Compiler (version 2022.2-SP6.4 build 146967) at Sat Nov 15 15:33:14 2025
Compiling verification operator library.
Compiling common defs.
Compiling prim grid devices.
Compiling gate devices.
Compiling gate operators.
Building architecture model.
Loading device packaging model.
Reading design from DB.
Start Generating Programming File...
Reading design from DB takes 3.031250 sec.
Generating architecture configuration.
The bitstream file is "C:/Users/lilpheonix/Downloads/SpectrumAnalyzer/generate_bitstream/ad_da_hdmi_top.sbit"
Generate programming file takes 22.562500 sec.
Generating Programming File done.
Action gen_bit_stream: Real time elapsed is 0h:1m:29s
Action gen_bit_stream: CPU time elapsed is 0h:0m:25s
Action gen_bit_stream: Process CPU time elapsed is 0h:0m:25s
Current time: Sat Nov 15 15:34:40 2025
Action gen_bit_stream: Peak memory pool usage is 790 MB
