#Build: Fabric Compiler 2022.2-SP6.4, Build 146967, Jan 31 01:39 2024
#Install: D:\pds\PDS_2022.2-SP6.4\bin
#Application name: pds_shell.exe
#OS: Windows 10 10.0.19045
#Hostname: LAPTOP-IN7AKH45
Generated by Fabric Compiler (version 2022.2-SP6.4 build 146967) at Thu Nov  6 17:19:16 2025
License checkout: fabric_ads from C:\Users\LENOVO\Desktop\new_pds_4c796e4034d6.lic
Compiling verification operator library.
Compiling common defs.
Loading technology operator library.
Compiling technology operator library.
Compiling technology operator (valence) library.
Reading design from compile DB
Reading design from compile DB successfully.
Constraint check start.
Compiling prim grid devices.
Building architecture model.
Loading device packaging model.
Building architecture floorplan logic view.
C: ConstraintEditor-2002: [C:/Users/LENOVO/Desktop/backup3/ad9280_ad9708_HDMI.fdc(line number: 58)] | Port vout_data[23] has been placed at location H19, whose type is share pin.
C: ConstraintEditor-2002: [C:/Users/LENOVO/Desktop/backup3/ad9280_ad9708_HDMI.fdc(line number: 65)] | Port vout_data[22] has been placed at location H22, whose type is share pin.
C: ConstraintEditor-2002: [C:/Users/LENOVO/Desktop/backup3/ad9280_ad9708_HDMI.fdc(line number: 72)] | Port vout_data[21] has been placed at location H21, whose type is share pin.
C: ConstraintEditor-2002: [C:/Users/LENOVO/Desktop/backup3/ad9280_ad9708_HDMI.fdc(line number: 107)] | Port vout_data[16] has been placed at location K17, whose type is share pin.
C: ConstraintEditor-2002: [C:/Users/LENOVO/Desktop/backup3/ad9280_ad9708_HDMI.fdc(line number: 114)] | Port vout_data[15] has been placed at location L17, whose type is share pin.
C: ConstraintEditor-2002: [C:/Users/LENOVO/Desktop/backup3/ad9280_ad9708_HDMI.fdc(line number: 121)] | Port vout_data[14] has been placed at location K20, whose type is share pin.
C: ConstraintEditor-2002: [C:/Users/LENOVO/Desktop/backup3/ad9280_ad9708_HDMI.fdc(line number: 128)] | Port vout_data[13] has been placed at location L19, whose type is share pin.
C: ConstraintEditor-2002: [C:/Users/LENOVO/Desktop/backup3/ad9280_ad9708_HDMI.fdc(line number: 163)] | Port vout_data[8] has been placed at location M21, whose type is share pin.
C: ConstraintEditor-2002: [C:/Users/LENOVO/Desktop/backup3/ad9280_ad9708_HDMI.fdc(line number: 184)] | Port vout_data[5] has been placed at location R22, whose type is share pin.
C: ConstraintEditor-2002: [C:/Users/LENOVO/Desktop/backup3/ad9280_ad9708_HDMI.fdc(line number: 191)] | Port vout_data[4] has been placed at location R20, whose type is share pin.
C: ConstraintEditor-2002: [C:/Users/LENOVO/Desktop/backup3/ad9280_ad9708_HDMI.fdc(line number: 205)] | Port vout_data[2] has been placed at location T21, whose type is share pin.
C: ConstraintEditor-2002: [C:/Users/LENOVO/Desktop/backup3/ad9280_ad9708_HDMI.fdc(line number: 268)] | Port vout_clk has been placed at location M22, whose type is share pin.
C: ConstraintEditor-2002: [C:/Users/LENOVO/Desktop/backup3/ad9280_ad9708_HDMI.fdc(line number: 301)] | Port rst_n has been placed at location K18, whose type is share pin.
C: ConstraintEditor-2009: p:led_thre is lack of PAP_IO_DRIVE, OUTPUT or INOUT PORT had better set PAP_IO_DRIVE, the optional value is {8, 4, 12, 16, 24}.
C: ConstraintEditor-2009: p:led_thre is lack of PAP_IO_SLEW, OUTPUT or INOUT PORT had better set PAP_IO_SLEW, the optional value is {SLOW, FAST}.
C: ConstraintEditor-2002: [C:/Users/LENOVO/Desktop/backup3/ad9280_ad9708_HDMI.fdc(line number: 529)] | Port ad_data_1[13] has been placed at location Y5, whose type is share pin.
C: ConstraintEditor-2002: [C:/Users/LENOVO/Desktop/backup3/ad9280_ad9708_HDMI.fdc(line number: 534)] | Port ad_data_1[12] has been placed at location AB5, whose type is share pin.
C: ConstraintEditor-2002: [C:/Users/LENOVO/Desktop/backup3/ad9280_ad9708_HDMI.fdc(line number: 674)] | Port ad_data_2[0] has been placed at location Y13, whose type is share pin.
C: ConstraintEditor-2002: [C:/Users/LENOVO/Desktop/backup3/ad9280_ad9708_HDMI.fdc(line number: 686)] | Port ad_clk_2 has been placed at location AB13, whose type is share pin.
Constraint check end.

C: SDC-2025: Clock source 'n:clk_50M' need a clock constraint, please use 'create_clock' or 'create_generate_clock' to generate.
Executing : get_ports clk_50M
Executing : get_ports clk_50M successfully.
Executing : create_clock -name ad_da_hdmi_top|clk_50M [get_ports clk_50M] -period 1000.000 -waveform {0.000 500.000} -add
Executing : create_clock -name ad_da_hdmi_top|clk_50M [get_ports clk_50M] -period 1000.000 -waveform {0.000 500.000} -add successfully.
Executing : set_clock_groups -name Inferred_clock_group_0 -asynchronous -group ad_da_hdmi_top|clk_50M
Executing : set_clock_groups -name Inferred_clock_group_0 -asynchronous -group ad_da_hdmi_top|clk_50M successfully.
C: SDC-2025: Clock source 'n:u_pll_adda/clkout1' need a clock constraint, please use 'create_clock' or 'create_generate_clock' to generate.
Executing : get_pins u_pll_adda/u_pll_e3:CLKOUT1
Executing : get_pins u_pll_adda/u_pll_e3:CLKOUT1 successfully.
Executing : create_clock -name pll_adda|u_pll_adda/u_pll_e3/CLKOUT1 [get_pins u_pll_adda/u_pll_e3:CLKOUT1] -period 1000.000 -waveform {0.000 500.000} -add
Executing : create_clock -name pll_adda|u_pll_adda/u_pll_e3/CLKOUT1 [get_pins u_pll_adda/u_pll_e3:CLKOUT1] -period 1000.000 -waveform {0.000 500.000} -add successfully.
Executing : set_clock_groups -name Inferred_clock_group_1 -asynchronous -group pll_adda|u_pll_adda/u_pll_e3/CLKOUT1
Executing : set_clock_groups -name Inferred_clock_group_1 -asynchronous -group pll_adda|u_pll_adda/u_pll_e3/CLKOUT1 successfully.
C: SDC-2025: Clock source 'n:meter_0/pll_0/clkout0' need a clock constraint, please use 'create_clock' or 'create_generate_clock' to generate.
Executing : get_pins meter_0/pll_0/u_pll_e3:CLKOUT0
Executing : get_pins meter_0/pll_0/u_pll_e3:CLKOUT0 successfully.
Executing : create_clock -name meter_pll|meter_0/pll_0/u_pll_e3/CLKOUT0 [get_pins meter_0/pll_0/u_pll_e3:CLKOUT0] -period 1000.000 -waveform {0.000 500.000} -add
Executing : create_clock -name meter_pll|meter_0/pll_0/u_pll_e3/CLKOUT0 [get_pins meter_0/pll_0/u_pll_e3:CLKOUT0] -period 1000.000 -waveform {0.000 500.000} -add successfully.
Executing : set_clock_groups -name Inferred_clock_group_2 -asynchronous -group meter_pll|meter_0/pll_0/u_pll_e3/CLKOUT0
Executing : set_clock_groups -name Inferred_clock_group_2 -asynchronous -group meter_pll|meter_0/pll_0/u_pll_e3/CLKOUT0 successfully.
C: SDC-2025: Clock source 'n:hdmi_color/u_pll/clkout1' need a clock constraint, please use 'create_clock' or 'create_generate_clock' to generate.
Executing : get_pins hdmi_color/u_pll/u_pll_e3:CLKOUT1
Executing : get_pins hdmi_color/u_pll/u_pll_e3:CLKOUT1 successfully.
Executing : create_clock -name pll|hdmi_color/u_pll/u_pll_e3/CLKOUT1 [get_pins hdmi_color/u_pll/u_pll_e3:CLKOUT1] -period 1000.000 -waveform {0.000 500.000} -add
Executing : create_clock -name pll|hdmi_color/u_pll/u_pll_e3/CLKOUT1 [get_pins hdmi_color/u_pll/u_pll_e3:CLKOUT1] -period 1000.000 -waveform {0.000 500.000} -add successfully.
Executing : set_clock_groups -name Inferred_clock_group_3 -asynchronous -group pll|hdmi_color/u_pll/u_pll_e3/CLKOUT1
Executing : set_clock_groups -name Inferred_clock_group_3 -asynchronous -group pll|hdmi_color/u_pll/u_pll_e3/CLKOUT1 successfully.
C: SDC-2025: Clock source 'n:hdmi_color/u_pll/clkout0' need a clock constraint, please use 'create_clock' or 'create_generate_clock' to generate.
Executing : get_pins hdmi_color/u_pll/u_pll_e3:CLKOUT0
Executing : get_pins hdmi_color/u_pll/u_pll_e3:CLKOUT0 successfully.
Executing : create_clock -name pll|hdmi_color/u_pll/u_pll_e3/CLKOUT0 [get_pins hdmi_color/u_pll/u_pll_e3:CLKOUT0] -period 1000.000 -waveform {0.000 500.000} -add
Executing : create_clock -name pll|hdmi_color/u_pll/u_pll_e3/CLKOUT0 [get_pins hdmi_color/u_pll/u_pll_e3:CLKOUT0] -period 1000.000 -waveform {0.000 500.000} -add successfully.
Executing : set_clock_groups -name Inferred_clock_group_4 -asynchronous -group pll|hdmi_color/u_pll/u_pll_e3/CLKOUT0
Executing : set_clock_groups -name Inferred_clock_group_4 -asynchronous -group pll|hdmi_color/u_pll/u_pll_e3/CLKOUT0 successfully.
Start pre-mapping.
I: Constant propagation done on uart_drive_1/wnr_fifo/U_ipml_fifo_wnr_fifo/U_ipml_sdpram/ADDR_LOOP[0].DATA_LOOP[0].U_GTP_DRM18K (GTP_DRM18K).
I: Constant propagation done on char_display_0/u_1/U_ipml_rom_rom_char/U_ipml_spram_rom_char/ADDR_LOOP[0].DATA_LOOP[0].U_GTP_DRM18K (GTP_DRM18K).
I: Constant propagation done on char_display_0/u_1/U_ipml_rom_rom_char/U_ipml_spram_rom_char/ADDR_LOOP[0].DATA_LOOP[1].U_GTP_DRM18K (GTP_DRM18K).
I: Constant propagation done on char_display_0/u_1/U_ipml_rom_rom_char/U_ipml_spram_rom_char/ADDR_LOOP[0].DATA_LOOP[2].U_GTP_DRM18K (GTP_DRM18K).
I: Constant propagation done on char_display_0/u_1/U_ipml_rom_rom_char/U_ipml_spram_rom_char/ADDR_LOOP[0].DATA_LOOP[3].U_GTP_DRM18K (GTP_DRM18K).
I: Constant propagation done on char_display_0/u_1/U_ipml_rom_rom_char/U_ipml_spram_rom_char/ADDR_LOOP[0].DATA_LOOP[4].U_GTP_DRM18K (GTP_DRM18K).
I: Constant propagation done on char_display_0/u_1/U_ipml_rom_rom_char/U_ipml_spram_rom_char/ADDR_LOOP[0].DATA_LOOP[5].U_GTP_DRM18K (GTP_DRM18K).
I: Constant propagation done on char_display_0/u_1/U_ipml_rom_rom_char/U_ipml_spram_rom_char/ADDR_LOOP[0].DATA_LOOP[6].U_GTP_DRM18K (GTP_DRM18K).
I: Constant propagation done on char_display_0/u_1/U_ipml_rom_rom_char/U_ipml_spram_rom_char/ADDR_LOOP[0].DATA_LOOP[7].U_GTP_DRM18K (GTP_DRM18K).
I: Constant propagation done on char_display_1/u_1/U_ipml_rom_rom_char/U_ipml_spram_rom_char/ADDR_LOOP[0].DATA_LOOP[0].U_GTP_DRM18K (GTP_DRM18K).
I: Removed bmsPMUX inst N115 that is redundant to N78
I: Encoding type of FSM 'c_state_fsm[4:0]' is: onehot.
I: Encoding table of FSM 'c_state_fsm[4:0]':
I: from  interface_1/u_serial_port_rx/c_state[4] interface_1/u_serial_port_rx/c_state[3] interface_1/u_serial_port_rx/c_state[2] interface_1/u_serial_port_rx/c_state[1] interface_1/u_serial_port_rx/c_state[0]
I: to  interface_1/u_serial_port_rx/c_state_reg[3] interface_1/u_serial_port_rx/c_state_reg[2] interface_1/u_serial_port_rx/c_state_reg[1] interface_1/u_serial_port_rx/c_state_reg[0]
I: 00001 => 0001
I: 00010 => 0010
I: 00100 => 0100
I: 01000 => 1000
I: Encoding type of FSM 'state_fsm[2:0]' is: onehot.
I: Encoding table of FSM 'state_fsm[2:0]':
I: from  hdmi_color/ms72xx_ctl/iic_dri_rx/state[2] hdmi_color/ms72xx_ctl/iic_dri_rx/state[1] hdmi_color/ms72xx_ctl/iic_dri_rx/state[0]
I: to  hdmi_color/ms72xx_ctl/iic_dri_rx/state_reg[6] hdmi_color/ms72xx_ctl/iic_dri_rx/state_reg[5] hdmi_color/ms72xx_ctl/iic_dri_rx/state_reg[4] hdmi_color/ms72xx_ctl/iic_dri_rx/state_reg[3] hdmi_color/ms72xx_ctl/iic_dri_rx/state_reg[2] hdmi_color/ms72xx_ctl/iic_dri_rx/state_reg[1] hdmi_color/ms72xx_ctl/iic_dri_rx/state_reg[0]
I: 000 => 0000001
I: 001 => 0000010
I: 010 => 0000100
I: 011 => 0001000
I: 100 => 0010000
I: 101 => 0100000
I: 110 => 1000000
I: Encoding type of FSM 'state_fsm[2:0]' is: onehot.
I: Encoding table of FSM 'state_fsm[2:0]':
I: from  hdmi_color/ms72xx_ctl/iic_dri_tx/state[2] hdmi_color/ms72xx_ctl/iic_dri_tx/state[1] hdmi_color/ms72xx_ctl/iic_dri_tx/state[0]
I: to  hdmi_color/ms72xx_ctl/iic_dri_tx/state_reg[6] hdmi_color/ms72xx_ctl/iic_dri_tx/state_reg[5] hdmi_color/ms72xx_ctl/iic_dri_tx/state_reg[4] hdmi_color/ms72xx_ctl/iic_dri_tx/state_reg[3] hdmi_color/ms72xx_ctl/iic_dri_tx/state_reg[2] hdmi_color/ms72xx_ctl/iic_dri_tx/state_reg[1] hdmi_color/ms72xx_ctl/iic_dri_tx/state_reg[0]
I: 000 => 0000001
I: 001 => 0000010
I: 010 => 0000100
I: 011 => 0001000
I: 100 => 0010000
I: 101 => 0100000
I: 110 => 1000000
I: Encoding type of FSM 'state_fsm[6:0]' is: onehot.
I: Encoding table of FSM 'state_fsm[6:0]':
I: from  hdmi_color/ms72xx_ctl/ms7200_ctl/state[6] hdmi_color/ms72xx_ctl/ms7200_ctl/state[5] hdmi_color/ms72xx_ctl/ms7200_ctl/state[4] hdmi_color/ms72xx_ctl/ms7200_ctl/state[3] hdmi_color/ms72xx_ctl/ms7200_ctl/state[2] hdmi_color/ms72xx_ctl/ms7200_ctl/state[1] hdmi_color/ms72xx_ctl/ms7200_ctl/state[0]
I: to  hdmi_color/ms72xx_ctl/ms7200_ctl/state_reg[4] hdmi_color/ms72xx_ctl/ms7200_ctl/state_reg[3] hdmi_color/ms72xx_ctl/ms7200_ctl/state_reg[2] hdmi_color/ms72xx_ctl/ms7200_ctl/state_reg[1] hdmi_color/ms72xx_ctl/ms7200_ctl/state_reg[0]
I: 0000001 => 00001
I: 0000010 => 00010
I: 0000100 => 00100
I: 0010000 => 01000
I: 0100000 => 10000
I: Encoding type of FSM 'state_fsm[5:0]' is: onehot.
I: Encoding table of FSM 'state_fsm[5:0]':
I: from  hdmi_color/ms72xx_ctl/ms7210_ctl/state[5] hdmi_color/ms72xx_ctl/ms7210_ctl/state[4] hdmi_color/ms72xx_ctl/ms7210_ctl/state[3] hdmi_color/ms72xx_ctl/ms7210_ctl/state[2] hdmi_color/ms72xx_ctl/ms7210_ctl/state[1] hdmi_color/ms72xx_ctl/ms7210_ctl/state[0]
I: to  hdmi_color/ms72xx_ctl/ms7210_ctl/state_reg[5] hdmi_color/ms72xx_ctl/ms7210_ctl/state_reg[4] hdmi_color/ms72xx_ctl/ms7210_ctl/state_reg[3] hdmi_color/ms72xx_ctl/ms7210_ctl/state_reg[2] hdmi_color/ms72xx_ctl/ms7210_ctl/state_reg[1] hdmi_color/ms72xx_ctl/ms7210_ctl/state_reg[0]
I: 000001 => 000001
I: 000010 => 000010
I: 000100 => 000100
I: 001000 => 001000
I: 010000 => 010000
I: 100000 => 100000
I: Encoding type of FSM 'state_fsm[3:0]' is: onehot.
I: Encoding table of FSM 'state_fsm[3:0]':
I: from  uart_drive_1/uart_test/state[3] uart_drive_1/uart_test/state[2] uart_drive_1/uart_test/state[1] uart_drive_1/uart_test/state[0]
I: to  uart_drive_1/uart_test/state_reg[2] uart_drive_1/uart_test/state_reg[1] uart_drive_1/uart_test/state_reg[0]
I: 0000 => 001
I: 0001 => 010
I: 0010 => 100
I: Encoding type of FSM 'state_fsm[2:0]' is: onehot.
I: Encoding table of FSM 'state_fsm[2:0]':
I: from  uart_drive_1/uart_test/uart_tx_inst/state[2] uart_drive_1/uart_test/uart_tx_inst/state[1] uart_drive_1/uart_test/uart_tx_inst/state[0]
I: to  uart_drive_1/uart_test/uart_tx_inst/state_reg[3] uart_drive_1/uart_test/uart_tx_inst/state_reg[2] uart_drive_1/uart_test/uart_tx_inst/state_reg[1] uart_drive_1/uart_test/uart_tx_inst/state_reg[0]
I: 001 => 0001
I: 010 => 0010
I: 011 => 0100
I: 100 => 1000
I: Encoding type of FSM 'state_fsm[3:0]' is: onehot.
I: Encoding table of FSM 'state_fsm[3:0]':
I: from  test_0/state[3] test_0/state[2] test_0/state[1] test_0/state[0]
I: to  test_0/state_reg[2] test_0/state_reg[1] test_0/state_reg[0]
I: 0000 => 001
I: 0001 => 010
I: 0010 => 100
I: Encoding type of FSM 'state_fsm[2:0]' is: onehot.
I: Encoding table of FSM 'state_fsm[2:0]':
I: from  test_0/uart_tx_inst/state[2] test_0/uart_tx_inst/state[1] test_0/uart_tx_inst/state[0]
I: to  test_0/uart_tx_inst/state_reg[3] test_0/uart_tx_inst/state_reg[2] test_0/uart_tx_inst/state_reg[1] test_0/uart_tx_inst/state_reg[0]
I: 001 => 0001
I: 010 => 0010
I: 011 => 0100
I: 100 => 1000
W: Public-4008: Instance 'delay_cnt[23:0]' of 'bmsWIDEDFFRSE' unit is dangling and will be cleaned.
W: Removed bmsWIDEDFFPATCE inst wavetype[71:0] at 0 that is stuck at constant 0.
W: Removed bmsWIDEDFFPATCE inst wavetype[71:0] at 1 that is stuck at constant 0.
W: Removed bmsWIDEDFFPATCE inst wavetype[71:0] at 3 that is stuck at constant 0.
W: Removed bmsWIDEDFFPATCE inst wavetype[71:0] at 4 that is stuck at constant 0.
W: Removed bmsWIDEDFFPATCE inst wavetype[71:0] at 7 that is stuck at constant 0.
W: Removed bmsWIDEDFFPATCE inst wavetype[71:0] at 9 that is stuck at constant 0.
W: Removed bmsWIDEDFFPATCE inst wavetype[71:0] at 11 that is stuck at constant 0.
W: Removed bmsWIDEDFFPATCE inst wavetype[71:0] at 12 that is stuck at constant 0.
W: Removed bmsWIDEDFFPATCE inst wavetype[71:0] at 15 that is stuck at constant 0.
W: Removed bmsWIDEDFFPATCE inst wavetype[71:0] at 16 that is stuck at constant 0.
W: Removed bmsWIDEDFFPATCE inst wavetype[71:0] at 20 that is stuck at constant 0.
W: Removed bmsWIDEDFFPATCE inst wavetype[71:0] at 23 that is stuck at constant 0.
W: Removed bmsWIDEDFFPATCE inst wavetype[71:0] at 28 that is stuck at constant 0.
W: Removed bmsWIDEDFFPATCE inst wavetype[71:0] at 31 that is stuck at constant 0.
W: Removed bmsWIDEDFFPATCE inst wavetype[71:0] at 32 that is stuck at constant 0.
W: Removed bmsWIDEDFFPATCE inst wavetype[71:0] at 39 that is stuck at constant 0.
W: Removed bmsWIDEDFFPATCE inst wavetype[71:0] at 40 that is stuck at constant 1.
W: Removed bmsWIDEDFFPATCE inst wavetype[71:0] at 41 that is stuck at constant 0.
W: Removed bmsWIDEDFFPATCE inst wavetype[71:0] at 43 that is stuck at constant 0.
W: Removed bmsWIDEDFFPATCE inst wavetype[71:0] at 44 that is stuck at constant 0.
W: Removed bmsWIDEDFFPATCE inst wavetype[71:0] at 45 that is stuck at constant 0.
W: Removed bmsWIDEDFFPATCE inst wavetype[71:0] at 46 that is stuck at constant 1.
W: Removed bmsWIDEDFFPATCE inst wavetype[71:0] at 47 that is stuck at constant 0.
W: Removed bmsWIDEDFFPATCE inst wavetype[71:0] at 53 that is stuck at constant 0.
W: Removed bmsWIDEDFFPATCE inst wavetype[71:0] at 54 that is stuck at constant 1.
W: Removed bmsWIDEDFFPATCE inst wavetype[71:0] at 55 that is stuck at constant 0.
W: Removed bmsWIDEDFFPATCE inst wavetype[71:0] at 61 that is stuck at constant 0.
W: Removed bmsWIDEDFFPATCE inst wavetype[71:0] at 62 that is stuck at constant 1.
W: Removed bmsWIDEDFFPATCE inst wavetype[71:0] at 63 that is stuck at constant 0.
W: Removed bmsWIDEDFFPATCE inst wavetype[71:0] at 67 that is stuck at constant 0.
W: Removed bmsWIDEDFFPATCE inst wavetype[71:0] at 68 that is stuck at constant 1.
W: Removed bmsWIDEDFFPATCE inst wavetype[71:0] at 69 that is stuck at constant 0.
W: Removed bmsWIDEDFFPATCE inst wavetype[71:0] at 70 that is stuck at constant 1.
W: Removed bmsWIDEDFFPATCE inst wavetype[71:0] at 71 that is stuck at constant 0.
W: Removed bmsWIDEDFFPATCE inst r_st_cur[7:0] at 4 that is stuck at constant 0.
W: Removed bmsWIDEDFFPATCE inst r_st_cur[7:0] at 5 that is stuck at constant 0.
W: Removed bmsWIDEDFFPATCE inst r_st_cur[7:0] at 6 that is stuck at constant 0.
W: Removed bmsWIDEDFFPATCE inst r_st_cur[7:0] at 7 that is stuck at constant 0.
W: Removed bmsWIDEDFFRSE inst pattern_vg/b_out[7:0] at 1 that is stuck at constant 0.
W: Removed bmsWIDEDFFRSE inst cmd_iic[23:0] at 0 that is stuck at constant 0.
W: Removed bmsWIDEDFFRSE inst addr[15:0] at 10 that is stuck at constant 0.
W: Removed bmsWIDEDFFRSE inst cmd_iic[23:0] at 0 that is stuck at constant 0.
W: Removed bmsWIDEDFFRSE inst addr[15:0] at 12 that is stuck at constant 0.
W: Removed bmsWIDEDFFCPE inst Temp_S[32:0] at 32 that is stuck at constant 0.
I: Removed bmsSUB inst N34_sub3 that is redundant to N13_sub3
I: Removed bmsSUB inst N34_sub2 that is redundant to N13_sub2
I: Removed bmsSUB inst N34_sub1 that is redundant to N13_sub1
I: Removed bmsSUB inst N34_sub20 that is redundant to N13_sub20
I: Removed bmsSUB inst N34_sub19 that is redundant to N13_sub19
I: Removed bmsSUB inst N34_sub18 that is redundant to N13_sub18
I: Removed bmsSUB inst N34_sub17 that is redundant to N13_sub17
I: Removed bmsSUB inst N34_sub16 that is redundant to N13_sub16
I: Removed bmsSUB inst N34_sub15 that is redundant to N13_sub15
I: Removed bmsSUB inst N34_sub14 that is redundant to N13_sub14
I: Removed bmsSUB inst N34_sub13 that is redundant to N13_sub13
I: Removed bmsSUB inst N34_sub12 that is redundant to N13_sub12
I: Removed bmsSUB inst N34_sub11 that is redundant to N13_sub11
I: Removed bmsSUB inst N34_sub10 that is redundant to N13_sub10
I: Removed bmsSUB inst N34_sub9 that is redundant to N13_sub9
I: Removed bmsSUB inst N34_sub8 that is redundant to N13_sub8
I: Removed bmsSUB inst N34_sub7 that is redundant to N13_sub7
I: Removed bmsSUB inst N34_sub6 that is redundant to N13_sub6
I: Removed bmsSUB inst N34_sub5 that is redundant to N13_sub5
I: Removed bmsSUB inst N34_sub4 that is redundant to N13_sub4
I: Removed bmsSUB inst N34_sub3 that is redundant to N13_sub3
I: Removed bmsSUB inst N34_sub2 that is redundant to N13_sub2
I: Removed bmsSUB inst N34_sub1 that is redundant to N13_sub1
I: Removed bmsSUB inst N34_sub3 that is redundant to N13_sub3
I: Removed bmsSUB inst N34_sub2 that is redundant to N13_sub2
I: Removed bmsSUB inst N34_sub1 that is redundant to N13_sub1
I: Removed bmsSUB inst N34_sub4 that is redundant to N13_sub4
I: Removed bmsSUB inst N34_sub3 that is redundant to N13_sub3
I: Removed bmsSUB inst N34_sub2 that is redundant to N13_sub2
I: Removed bmsSUB inst N34_sub1 that is redundant to N13_sub1
I: Removed bmsSUB inst N34_sub3 that is redundant to N13_sub3
I: Removed bmsSUB inst N34_sub2 that is redundant to N13_sub2
I: Removed bmsSUB inst N34_sub1 that is redundant to N13_sub1
I: Removed bmsSUB inst N34_sub20 that is redundant to N13_sub20
I: Removed bmsSUB inst N34_sub19 that is redundant to N13_sub19
I: Removed bmsSUB inst N34_sub18 that is redundant to N13_sub18
I: Removed bmsSUB inst N34_sub17 that is redundant to N13_sub17
I: Removed bmsSUB inst N34_sub16 that is redundant to N13_sub16
I: Removed bmsSUB inst N34_sub15 that is redundant to N13_sub15
I: Removed bmsSUB inst N34_sub14 that is redundant to N13_sub14
I: Removed bmsSUB inst N34_sub13 that is redundant to N13_sub13
I: Removed bmsSUB inst N34_sub12 that is redundant to N13_sub12
I: Removed bmsSUB inst N34_sub11 that is redundant to N13_sub11
I: Removed bmsSUB inst N34_sub10 that is redundant to N13_sub10
I: Removed bmsSUB inst N34_sub9 that is redundant to N13_sub9
I: Removed bmsSUB inst N34_sub8 that is redundant to N13_sub8
I: Removed bmsSUB inst N34_sub7 that is redundant to N13_sub7
I: Removed bmsSUB inst N34_sub6 that is redundant to N13_sub6
I: Removed bmsSUB inst N34_sub5 that is redundant to N13_sub5
I: Removed bmsSUB inst N34_sub4 that is redundant to N13_sub4
I: Removed bmsSUB inst N34_sub3 that is redundant to N13_sub3
I: Removed bmsSUB inst N34_sub2 that is redundant to N13_sub2
I: Removed bmsSUB inst N34_sub1 that is redundant to N13_sub1
I: Removed bmsSUB inst N34_sub3 that is redundant to N13_sub3
I: Removed bmsSUB inst N34_sub2 that is redundant to N13_sub2
I: Removed bmsSUB inst N34_sub1 that is redundant to N13_sub1
I: Removed bmsSUB inst N34_sub20 that is redundant to N13_sub20
I: Removed bmsSUB inst N34_sub19 that is redundant to N13_sub19
I: Removed bmsSUB inst N34_sub18 that is redundant to N13_sub18
I: Removed bmsSUB inst N34_sub17 that is redundant to N13_sub17
I: Removed bmsSUB inst N34_sub16 that is redundant to N13_sub16
I: Removed bmsSUB inst N34_sub15 that is redundant to N13_sub15
I: Removed bmsSUB inst N34_sub14 that is redundant to N13_sub14
I: Removed bmsSUB inst N34_sub13 that is redundant to N13_sub13
I: Removed bmsSUB inst N34_sub12 that is redundant to N13_sub12
I: Removed bmsSUB inst N34_sub11 that is redundant to N13_sub11
I: Removed bmsSUB inst N34_sub10 that is redundant to N13_sub10
I: Removed bmsSUB inst N34_sub9 that is redundant to N13_sub9
I: Removed bmsSUB inst N34_sub8 that is redundant to N13_sub8
I: Removed bmsSUB inst N34_sub7 that is redundant to N13_sub7
I: Removed bmsSUB inst N34_sub6 that is redundant to N13_sub6
I: Removed bmsSUB inst N34_sub5 that is redundant to N13_sub5
I: Removed bmsSUB inst N34_sub4 that is redundant to N13_sub4
I: Removed bmsSUB inst N34_sub3 that is redundant to N13_sub3
I: Removed bmsSUB inst N34_sub2 that is redundant to N13_sub2
I: Removed bmsSUB inst N34_sub1 that is redundant to N13_sub1
I: Removed bmsSUB inst N34_sub3 that is redundant to N13_sub3
I: Removed bmsSUB inst N34_sub2 that is redundant to N13_sub2
I: Removed bmsSUB inst N34_sub1 that is redundant to N13_sub1
I: Removed bmsSUB inst N27_sub28 that is redundant to N12_sub28
I: Removed bmsSUB inst N27_sub27 that is redundant to N12_sub27
I: Removed bmsSUB inst N27_sub26 that is redundant to N12_sub26
I: Removed bmsSUB inst N27_sub25 that is redundant to N12_sub25
I: Removed bmsSUB inst N27_sub24 that is redundant to N12_sub24
I: Removed bmsSUB inst N27_sub23 that is redundant to N12_sub23
I: Removed bmsSUB inst N27_sub22 that is redundant to N12_sub22
I: Removed bmsSUB inst N27_sub21 that is redundant to N12_sub21
I: Removed bmsSUB inst N27_sub20 that is redundant to N12_sub20
I: Removed bmsSUB inst N27_sub19 that is redundant to N12_sub19
I: Removed bmsSUB inst N27_sub18 that is redundant to N12_sub18
I: Removed bmsSUB inst N27_sub17 that is redundant to N12_sub17
I: Removed bmsSUB inst N27_sub16 that is redundant to N12_sub16
I: Removed bmsSUB inst N27_sub15 that is redundant to N12_sub15
I: Removed bmsSUB inst N27_sub14 that is redundant to N12_sub14
I: Removed bmsSUB inst N27_sub13 that is redundant to N12_sub13
I: Removed bmsSUB inst N27_sub12 that is redundant to N12_sub12
I: Removed bmsSUB inst N27_sub11 that is redundant to N12_sub11
I: Removed bmsSUB inst N27_sub10 that is redundant to N12_sub10
I: Removed bmsSUB inst N27_sub9 that is redundant to N12_sub9
I: Removed bmsSUB inst N27_sub8 that is redundant to N12_sub8
I: Removed bmsSUB inst N27_sub7 that is redundant to N12_sub7
I: Removed bmsSUB inst N27_sub6 that is redundant to N12_sub6
I: Removed bmsSUB inst N27_sub5 that is redundant to N12_sub5
I: Removed bmsSUB inst N27_sub4 that is redundant to N12_sub4
I: Removed bmsSUB inst N27_sub3 that is redundant to N12_sub3
I: Removed bmsSUB inst N27_sub2 that is redundant to N12_sub2
I: Removed bmsSUB inst N27_sub1 that is redundant to N12_sub1
W: Removed bmsWIDEDFFCPE inst u_fft_top/axi4s_data_tdata[31:0] at 16 that is stuck at constant 0.
W: Removed bmsWIDEDFFCPE inst convegent_rouning.din_up[15:0] at 15 that is stuck at constant 0.
W: Removed bmsWIDEDFFCPE inst convegent_rouning.din_up[15:0] at 15 that is stuck at constant 0.
W: Removed bmsWIDEDFFCPE inst r_thd[31:0] at 23 that is stuck at constant 0.
I: Removed bmsSUB inst N704_sub12 that is redundant to N699_sub12
I: Removed bmsADDSUB inst N685_sub20 that is redundant to N648_sub20
I: Removed bmsSUB inst N620_sub12 that is redundant to N615_sub12
I: Removed bmsSUB inst N620_sub11 that is redundant to N615_sub11
I: Removed bmsADDSUB inst N685_sub19 that is redundant to N648_sub19
I: Removed bmsSUB inst N704_sub11 that is redundant to N699_sub11
I: Removed bmsSUB inst N620_sub10 that is redundant to N615_sub10
I: Removed bmsADDSUB inst N685_sub18 that is redundant to N648_sub18
I: Removed bmsSUB inst N704_sub10 that is redundant to N699_sub10
I: Removed bmsSUB inst N620_sub9 that is redundant to N615_sub9
I: Removed bmsSUB inst N704_sub9 that is redundant to N699_sub9
I: Removed bmsADDSUB inst N685_sub17 that is redundant to N648_sub17
I: Removed bmsSUB inst N704_sub8 that is redundant to N699_sub8
I: Removed bmsSUB inst N620_sub8 that is redundant to N615_sub8
I: Removed bmsADDSUB inst N685_sub16 that is redundant to N648_sub16
I: Removed bmsADDSUB inst N685_sub15 that is redundant to N648_sub15
I: Removed bmsSUB inst N704_sub7 that is redundant to N699_sub7
I: Removed bmsSUB inst N620_sub7 that is redundant to N615_sub7
I: Removed bmsSUB inst N704_sub6 that is redundant to N699_sub6
I: Removed bmsSUB inst N620_sub6 that is redundant to N615_sub6
I: Removed bmsADDSUB inst N685_sub14 that is redundant to N648_sub14
I: Removed bmsSUB inst N704_sub5 that is redundant to N699_sub5
I: Removed bmsSUB inst N620_sub5 that is redundant to N615_sub5
I: Removed bmsADDSUB inst N685_sub13 that is redundant to N648_sub13
I: Removed bmsADDSUB inst N685_sub12 that is redundant to N648_sub12
I: Removed bmsSUB inst N704_sub4 that is redundant to N699_sub4
I: Removed bmsSUB inst N620_sub4 that is redundant to N615_sub4
I: Removed bmsSUB inst N704_sub3 that is redundant to N699_sub3
I: Removed bmsSUB inst N620_sub3 that is redundant to N615_sub3
I: Removed bmsADDSUB inst N685_sub11 that is redundant to N648_sub11
I: Removed bmsSUB inst N704_sub2 that is redundant to N699_sub2
I: Removed bmsSUB inst N620_sub2 that is redundant to N615_sub2
I: Removed bmsADDSUB inst N685_sub10 that is redundant to N648_sub10
I: Removed bmsADDSUB inst N685_sub9 that is redundant to N648_sub9
I: Removed bmsSUB inst N704_sub1 that is redundant to N699_sub1
I: Removed bmsSUB inst N620_sub1 that is redundant to N615_sub1
Executing : pre-mapping successfully. Time elapsed: 0.835s wall, 1.141s user + 0.125s system = 1.266s CPU (151.5%)

Start mod-gen.
W: Public-4008: Instance 'ms7200_ctl/init_over' of 'bmsWIDEDFFRSE' unit is dangling and will be cleaned.
W: Public-4008: Instance 'sync_vg/y_act[11:0]' of 'bmsWIDEDFFRSE' unit is dangling and will be cleaned.
W: Public-4008: Instance 'sync_vg/x_act[11:0]' of 'bmsWIDEDFFRSE' unit is dangling and will be cleaned.
W: Public-4008: Instance 'u_div64/Reminder[31:0]' of 'bmsWIDEDFFCPE' unit is dangling and will be cleaned.
W: Public-4008: Instance 'r2_dit_ctrl/o_eof_d4' of 'bmsWIDEDFFCPE' unit is dangling and will be cleaned.
W: Public-4008: Instance 'r2_dit_ctrl/o_output_start' of 'bmsWIDEDFFCPE' unit is dangling and will be cleaned.
W: Public-4008: Instance 'r2_dit_ctrl/o_sof_d3' of 'bmsWIDEDFFCPE' unit is dangling and will be cleaned.
W: Public-4008: Instance 'r2_dit_ctrl/ram_wen_without_last_stage_dly[2:0]' of 'bmsWIDEDFFCPE' unit is dangling and will be cleaned.
W: Public-4008: Instance 'r2_dit_ctrl/u_sof_sreg/latency_larger_than_2.u_distram_sreg/u_distributed_shiftregister/genblk1.wr_addr[3:0]' of 'bmsWIDEDFFCPE' unit is dangling and will be cleaned.
W: Public-4008: Instance 'u_fft_top/axi4s_data_tlast' of 'bmsWIDEDFFCPE' unit is dangling and will be cleaned.
W: Public-4008: Instance 'u_fft_top/u_fft/use_radix2_burst.u_burst_input_ctrl/datain_tlast_missing' of 'bmsWIDEDFFCPE' unit is dangling and will be cleaned.
W: Public-4008: Instance 'u_fft_top/u_fft/use_radix2_burst.u_burst_input_ctrl/datain_tlast_unexpected' of 'bmsWIDEDFFCPE' unit is dangling and will be cleaned.
W: Public-4008: Instance 'u_fft_top/u_fft/use_radix2_burst.u_burst_input_ctrl/input_eof_d1' of 'bmsWIDEDFFCPE' unit is dangling and will be cleaned.
W: Public-4008: Instance 'u_fft_top/u_fft/use_radix2_burst.u_burst_input_ctrl/input_vld_missing_flag' of 'bmsWIDEDFFCPE' unit is dangling and will be cleaned.
W: Public-4008: Instance 'u_fft_top/u_fft/use_radix2_burst.u_burst_input_ctrl/input_vld_missing_flag_d1' of 'bmsWIDEDFFCPE' unit is dangling and will be cleaned.
W: Public-4008: Instance 'u_fft_top/u_fft/use_radix2_burst.u_burst_input_ctrl/datain_channel_halt' of 'bmsWIDEDFFCPE' unit is dangling and will be cleaned.
W: Public-4008: Instance 'i_last' of 'bmsWIDEDFFCPE' unit is dangling and will be cleaned.
W: Public-4008: Instance 'u_fft_fifo/U_ipml_fifo_fft_fifo/U_ipml_fifo_ctrl/rd_water_level[11:0]' of 'bmsWIDEDFFCPE' unit is dangling and will be cleaned.
W: Public-4008: Instance 'u_fft_fifo/U_ipml_fifo_fft_fifo/U_ipml_fifo_ctrl/wr_water_level[11:0]' of 'bmsWIDEDFFCPE' unit is dangling and will be cleaned.
W: Public-4008: Instance 'u_fft_process/o_last' of 'bmsWIDEDFFCPE' unit is dangling and will be cleaned.
W: Public-4008: Instance 'u_fft_process/u_fft_top/u_fft/u_output_ctrl/o_dataout_last' of 'bmsWIDEDFFCPE' unit is dangling and will be cleaned.
W: Public-4008: Instance 'uart_drive_1/wnr_fifo/U_ipml_fifo_wnr_fifo/U_ipml_fifo_ctrl/rd_water_level[10:0]' of 'bmsWIDEDFFCPE' unit is dangling and will be cleaned.
W: Public-4008: Instance 'uart_drive_1/wnr_fifo/U_ipml_fifo_wnr_fifo/U_ipml_fifo_ctrl/wr_water_level[10:0]' of 'bmsWIDEDFFCPE' unit is dangling and will be cleaned.
E: Net nt_uart_tx [C:/Users/LENOVO/Desktop/backup3/source/ad_da_hdmi_top.v(line number:21)] has multiple drivers in module ad_da_hdmi_top (see run.log for details).
    module 'bmsWIDEDFFCPE' inst 'uart_drive_1/uart_test/uart_tx_inst/tx_reg [C:/Users/LENOVO/Desktop/backup3/source/uart_tx.v(line number:116)]' out pin 'Q[0]'
    module 'bmsWIDEDFFCPE' inst 'test_0/uart_tx_inst/tx_reg [C:/Users/LENOVO/Desktop/backup3/source/uart_tx.v(line number:116)]' out pin 'Q[0]'

Program Error Out.
Action synthesize: Real time elapsed is 0h:0m:6s
Action synthesize: CPU time elapsed is 0h:0m:4s
Action synthesize: Process CPU time elapsed is 0h:0m:4s
Current time: Thu Nov  6 17:19:20 2025
Action synthesize: Peak memory pool usage is 372 MB
