#Build: Fabric Compiler 2022.2-SP6.4, Build 146967, Jan 31 01:39 2024
#Install: D:\PDS_2022.2-SP6.4\bin
#Application name: pds_shell.exe
#OS: Windows 10 10.0.22621
#Hostname: LAPTOP-OF-XFH
Generated by Fabric Compiler (version 2022.2-SP6.4 build 146967) at Sat Nov 15 00:59:48 2025
License checkout: fabric_ads from C:\Users\lilpheonix\Downloads\new_pds_089df42cae2a.lic
Compiling verification operator library.
Compiling common defs.
Loading technology operator library.
Compiling technology operator library.
Compiling technology operator (valence) library.
Reading design from compile DB
Reading design from compile DB successfully.
Constraint check start.
Compiling prim grid devices.
Building architecture model.
Loading device packaging model.
Building architecture floorplan logic view.
E: ConstraintEditor-0046: [C:/Users/lilpheonix/Downloads/backup3/backup3/ad9280_ad9708_HDMI.fdc(line number: 250)] Object 'p:uatx' can not be found in current view.
E: ConstraintEditor-0046: [C:/Users/lilpheonix/Downloads/backup3/backup3/ad9280_ad9708_HDMI.fdc(line number: 251)] Object 'p:uatx' can not be found in current view.
E: ConstraintEditor-0046: [C:/Users/lilpheonix/Downloads/backup3/backup3/ad9280_ad9708_HDMI.fdc(line number: 252)] Object 'p:uatx' can not be found in current view.
E: ConstraintEditor-0046: [C:/Users/lilpheonix/Downloads/backup3/backup3/ad9280_ad9708_HDMI.fdc(line number: 253)] Object 'p:uatx' can not be found in current view.
E: ConstraintEditor-0046: [C:/Users/lilpheonix/Downloads/backup3/backup3/ad9280_ad9708_HDMI.fdc(line number: 254)] Object 'p:uatx' can not be found in current view.
C: ConstraintEditor-2002: [C:/Users/lilpheonix/Downloads/backup3/backup3/ad9280_ad9708_HDMI.fdc(line number: 2)] | Port vout_data[23] has been placed at location H19, whose type is share pin.
C: ConstraintEditor-2002: [C:/Users/lilpheonix/Downloads/backup3/backup3/ad9280_ad9708_HDMI.fdc(line number: 9)] | Port vout_data[22] has been placed at location H22, whose type is share pin.
C: ConstraintEditor-2002: [C:/Users/lilpheonix/Downloads/backup3/backup3/ad9280_ad9708_HDMI.fdc(line number: 16)] | Port vout_data[21] has been placed at location H21, whose type is share pin.
C: ConstraintEditor-2002: [C:/Users/lilpheonix/Downloads/backup3/backup3/ad9280_ad9708_HDMI.fdc(line number: 51)] | Port vout_data[16] has been placed at location K17, whose type is share pin.
C: ConstraintEditor-2002: [C:/Users/lilpheonix/Downloads/backup3/backup3/ad9280_ad9708_HDMI.fdc(line number: 58)] | Port vout_data[15] has been placed at location L17, whose type is share pin.
C: ConstraintEditor-2002: [C:/Users/lilpheonix/Downloads/backup3/backup3/ad9280_ad9708_HDMI.fdc(line number: 65)] | Port vout_data[14] has been placed at location K20, whose type is share pin.
C: ConstraintEditor-2002: [C:/Users/lilpheonix/Downloads/backup3/backup3/ad9280_ad9708_HDMI.fdc(line number: 72)] | Port vout_data[13] has been placed at location L19, whose type is share pin.
C: ConstraintEditor-2002: [C:/Users/lilpheonix/Downloads/backup3/backup3/ad9280_ad9708_HDMI.fdc(line number: 107)] | Port vout_data[8] has been placed at location M21, whose type is share pin.
C: ConstraintEditor-2002: [C:/Users/lilpheonix/Downloads/backup3/backup3/ad9280_ad9708_HDMI.fdc(line number: 128)] | Port vout_data[5] has been placed at location R22, whose type is share pin.
C: ConstraintEditor-2002: [C:/Users/lilpheonix/Downloads/backup3/backup3/ad9280_ad9708_HDMI.fdc(line number: 135)] | Port vout_data[4] has been placed at location R20, whose type is share pin.
C: ConstraintEditor-2002: [C:/Users/lilpheonix/Downloads/backup3/backup3/ad9280_ad9708_HDMI.fdc(line number: 149)] | Port vout_data[2] has been placed at location T21, whose type is share pin.
C: ConstraintEditor-2002: [C:/Users/lilpheonix/Downloads/backup3/backup3/ad9280_ad9708_HDMI.fdc(line number: 191)] | Port vout_clk has been placed at location M22, whose type is share pin.
C: ConstraintEditor-2002: [C:/Users/lilpheonix/Downloads/backup3/backup3/ad9280_ad9708_HDMI.fdc(line number: 224)] | Port rst_n has been placed at location K18, whose type is share pin.
C: ConstraintEditor-2009: p:led_thre is lack of PAP_IO_DRIVE, OUTPUT or INOUT PORT had better set PAP_IO_DRIVE, the optional value is {8, 4, 12, 16, 24}.
C: ConstraintEditor-2009: p:led_thre is lack of PAP_IO_SLEW, OUTPUT or INOUT PORT had better set PAP_IO_SLEW, the optional value is {SLOW, FAST}.
C: ConstraintEditor-2002: [C:/Users/lilpheonix/Downloads/backup3/backup3/ad9280_ad9708_HDMI.fdc(line number: 278)] | Port ad_data_1[13] has been placed at location Y5, whose type is share pin.
C: ConstraintEditor-2002: [C:/Users/lilpheonix/Downloads/backup3/backup3/ad9280_ad9708_HDMI.fdc(line number: 283)] | Port ad_data_1[12] has been placed at location AB5, whose type is share pin.
C: ConstraintEditor-2002: [C:/Users/lilpheonix/Downloads/backup3/backup3/ad9280_ad9708_HDMI.fdc(line number: 423)] | Port ad_data_2[0] has been placed at location Y13, whose type is share pin.
C: ConstraintEditor-2002: [C:/Users/lilpheonix/Downloads/backup3/backup3/ad9280_ad9708_HDMI.fdc(line number: 435)] | Port ad_clk_2 has been placed at location AB13, whose type is share pin.
W: ConstraintEditor-4019: Port 'uart_rx' unspecified I/O constraint.
Constraint check end.

Action synthesize: Real time elapsed is 0h:0m:4s
Action synthesize: CPU time elapsed is 0h:0m:0s
Action synthesize: Process CPU time elapsed is 0h:0m:0s
Current time: Sat Nov 15 00:59:51 2025
Action synthesize: Peak memory pool usage is 258 MB
