---------------------------------------------------------------------------------------------------------------------------------------------------------------------------------------------------------------------------------------------------------------------------------------------------------------------------------
Detailed RTL Component Info :
-----Module Name :
                    ad_da_hdmi_top

-----Multipliers :
                    4 x 4     Multipliers := 1
                    6 x 3     Multipliers := 2
                    6 x 4     Multipliers := 1
                    6 x 6     Multipliers := 1
                    8 x 16     Multipliers := 3
                    9 x 9     Multipliers := 1
                    16 x 5     Multipliers := 1
                    17 x 17     Multipliers := 1
                    24 x 6     Multipliers := 1
                    24 x 7     Multipliers := 2
                    30 x 6     Multipliers := 1
                    32 x 32     Multipliers := 2

-----Adders :

APM: Final Mapping Report
|-----------------------------------------------|---------------------------------------------------------|--------------|--------------|---------|---------|---------|---------|---------|---------|--------------|--------------|--------------|--------------|--------------|
| APM Inst Name                                 | APM Cascade                                             | X Size       | Y Size       | Z Size  | P Size  | X_REG   | Y_REG   | Z_REG   | P_REG   | MULT_REG     | PREADD_REG   | USE_PREADD   | USE_POSTADD  | Primitives   |
|-----------------------------------------------|---------------------------------------------------------|--------------|--------------|---------|---------|---------|---------|---------|---------|--------------|--------------|--------------|--------------|--------------|
| wav_display_1/u_fft_process/u_square/N19_m3   | CPO>>18 + wav_display_1/u_fft_process/u_square/N19_m4   | 18(unsigned) | 14(unsigned) | /       | 18      | 1       | 1       | /       | 0       | 0            | 0            | 0            | 1            | GTP_APM_E1   |
|-----------------------------------------------|---------------------------------------------------------|--------------|--------------|---------|---------|---------|---------|---------|---------|--------------|--------------|--------------|--------------|--------------|
| wav_display_1/u_fft_process/u_square/N19_m2   | CPO>>16 + wav_display_1/u_fft_process/u_square/N19_m3   | 18(unsigned) | 14(unsigned) | /       | 0       | 1       | 1       | /       | 0       | 0            | 0            | 0            | 1            | GTP_APM_E1   |
|-----------------------------------------------|---------------------------------------------------------|--------------|--------------|---------|---------|---------|---------|---------|---------|--------------|--------------|--------------|--------------|--------------|
| wav_display_1/u_fft_process/u_square/N16_m4   | /                                                       | 14(unsigned) | 14(unsigned) | /       | 28      | 1       | 1       | /       | 0       | 0            | 0            | 0            | 1            | GTP_APM_E1   |
|-----------------------------------------------|---------------------------------------------------------|--------------|--------------|---------|---------|---------|---------|---------|---------|--------------|--------------|--------------|--------------|--------------|
| wav_display_1/u_thd/N80                       | /                                                       | 9(unsigned)  | 9(unsigned)  | /       | 18      | 1       | 1       | /       | 0       | 0            | 0            | 0            | 0            | GTP_APM_E1   |
|-----------------------------------------------|---------------------------------------------------------|--------------|--------------|---------|---------|---------|---------|---------|---------|--------------|--------------|--------------|--------------|--------------|
| meter_0/N74_m1                                | CPO>>18 + meter_0/N74_m2                                | 18(unsigned) | 5(unsigned)  | /       | 18      | 1       | 0       | /       | 0       | 0            | 0            | 0            | 0            | GTP_APM_E1   |
|-----------------------------------------------|---------------------------------------------------------|--------------|--------------|---------|---------|---------|---------|---------|---------|--------------|--------------|--------------|--------------|--------------|
| yibiao_1/N240_m1                              | CPO>>18 + yibiao_1/N240_m2                              | 18(unsigned) | 6(unsigned)  | /       | 18      | 1       | 0       | /       | 0       | 0            | 0            | 0            | 0            | GTP_APM_E1   |
|-----------------------------------------------|---------------------------------------------------------|--------------|--------------|---------|---------|---------|---------|---------|---------|--------------|--------------|--------------|--------------|--------------|
| yibiao_1/N585_m1                              | CPO>>18 + yibiao_1/N585_m2                              | 18(unsigned) | 7(unsigned)  | /       | 25      | 1       | 0       | /       | 0       | 0            | 0            | 0            | 0            | GTP_APM_E1   |
|-----------------------------------------------|---------------------------------------------------------|--------------|--------------|---------|---------|---------|---------|---------|---------|--------------|--------------|--------------|--------------|--------------|
| yibiao_1/N492_m1                              | CPO>>18 + yibiao_1/N492_m2                              | 18(unsigned) | 7(unsigned)  | /       | 25      | 1       | 0       | /       | 0       | 0            | 0            | 0            | 0            | GTP_APM_E1   |
|-----------------------------------------------|---------------------------------------------------------|--------------|--------------|---------|---------|---------|---------|---------|---------|--------------|--------------|--------------|--------------|--------------|
| yibiao_1/N935                                 | /                                                       | 16(unsigned) | 8(unsigned)  | /       | 24      | 1       | 0       | /       | 0       | 0            | 0            | 0            | 0            | GTP_APM_E1   |
|-----------------------------------------------|---------------------------------------------------------|--------------|--------------|---------|---------|---------|---------|---------|---------|--------------|--------------|--------------|--------------|--------------|
| wav_display_1/u_fft_process/u_square/N16_m2   | CPO>>16 + wav_display_1/u_fft_process/u_square/N16_m3   | 18(unsigned) | 14(unsigned) | /       | 0       | 1       | 1       | /       | 0       | 0            | 0            | 0            | 1            | GTP_APM_E1   |
|-----------------------------------------------|---------------------------------------------------------|--------------|--------------|---------|---------|---------|---------|---------|---------|--------------|--------------|--------------|--------------|--------------|
| meter_0/N27                                   | /                                                       | 17(unsigned) | 17(unsigned) | /       | 34      | 0       | 0       | /       | 0       | 0            | 0            | 0            | 0            | GTP_APM_E1   |
|-----------------------------------------------|---------------------------------------------------------|--------------|--------------|---------|---------|---------|---------|---------|---------|--------------|--------------|--------------|--------------|--------------|
| wav_display_1/u_fft_process/u_square/N19_m1   | CPO>>18 + wav_display_1/u_fft_process/u_square/N19_m2   | 18(unsigned) | 18(unsigned) | /       | 18      | 1       | 1       | /       | 0       | 0            | 0            | 0            | 0            | GTP_APM_E1   |
|-----------------------------------------------|---------------------------------------------------------|--------------|--------------|---------|---------|---------|---------|---------|---------|--------------|--------------|--------------|--------------|--------------|
| wav_display_1/u_fft_process/u_square/N16_m1   | CPO>>18 + wav_display_1/u_fft_process/u_square/N16_m2   | 18(unsigned) | 18(unsigned) | /       | 18      | 1       | 1       | /       | 0       | 0            | 0            | 0            | 0            | GTP_APM_E1   |
|-----------------------------------------------|---------------------------------------------------------|--------------|--------------|---------|---------|---------|---------|---------|---------|--------------|--------------|--------------|--------------|--------------|
| wav_display_1/u_fft_process/u_square/N16_m3   | CPO>>18 + wav_display_1/u_fft_process/u_square/N16_m4   | 18(unsigned) | 14(unsigned) | /       | 18      | 1       | 1       | /       | 0       | 0            | 0            | 0            | 1            | GTP_APM_E1   |
|-----------------------------------------------|---------------------------------------------------------|--------------|--------------|---------|---------|---------|---------|---------|---------|--------------|--------------|--------------|--------------|--------------|
| wav_display_1/u_thd/N98                       | /                                                       | 16(unsigned) | 5(unsigned)  | /       | 21      | 1       | 0       | /       | 0       | 0            | 0            | 0            | 0            | GTP_APM_E1   |
|-----------------------------------------------|---------------------------------------------------------|--------------|--------------|---------|---------|---------|---------|---------|---------|--------------|--------------|--------------|--------------|--------------|
| meter_0/N74_m2                                | /                                                       | 12(unsigned) | 4(unsigned)  | /       | 12      | 1       | 0       | /       | 0       | 0            | 0            | 0            | 1            | GTP_APM_E1   |
|-----------------------------------------------|---------------------------------------------------------|--------------|--------------|---------|---------|---------|---------|---------|---------|--------------|--------------|--------------|--------------|--------------|
| yibiao_1/N492_m2                              | /                                                       | 7(unsigned)  | 6(unsigned)  | /       | 11      | 0       | 1       | /       | 0       | 0            | 0            | 0            | 1            | GTP_APM_E1   |
|-----------------------------------------------|---------------------------------------------------------|--------------|--------------|---------|---------|---------|---------|---------|---------|--------------|--------------|--------------|--------------|--------------|
| yibiao_1/N585_m2                              | /                                                       | 7(unsigned)  | 6(unsigned)  | /       | 11      | 0       | 1       | /       | 0       | 0            | 0            | 0            | 1            | GTP_APM_E1   |
|-----------------------------------------------|---------------------------------------------------------|--------------|--------------|---------|---------|---------|---------|---------|---------|--------------|--------------|--------------|--------------|--------------|
| char_display_2/N60                            | /                                                       | 6(unsigned)  | 6(unsigned)  | /       | 6       | 1       | 0       | /       | 0       | 0            | 0            | 0            | 0            | GTP_APM_E1   |
|-----------------------------------------------|---------------------------------------------------------|--------------|--------------|---------|---------|---------|---------|---------|---------|--------------|--------------|--------------|--------------|--------------|
| wav_display_1/u_fft_process/u_square/N19_m4   | /                                                       | 14(unsigned) | 14(unsigned) | /       | 28      | 1       | 1       | /       | 0       | 0            | 0            | 0            | 1            | GTP_APM_E1   |
|-----------------------------------------------|---------------------------------------------------------|--------------|--------------|---------|---------|---------|---------|---------|---------|--------------|--------------|--------------|--------------|--------------|
| N200                                          | /                                                       | 16(unsigned) | 8(unsigned)  | /       | 24      | 1       | 0       | /       | 0       | 0            | 0            | 0            | 0            | GTP_APM_E1   |
|-----------------------------------------------|---------------------------------------------------------|--------------|--------------|---------|---------|---------|---------|---------|---------|--------------|--------------|--------------|--------------|--------------|
| yibiao_1/N932                                 | /                                                       | 16(unsigned) | 8(unsigned)  | /       | 24      | 1       | 0       | /       | 0       | 0            | 0            | 0            | 0            | GTP_APM_E1   |
|-----------------------------------------------|---------------------------------------------------------|--------------|--------------|---------|---------|---------|---------|---------|---------|--------------|--------------|--------------|--------------|--------------|
| yibiao_1/N240_m2                              | /                                                       | 6(unsigned)  | 6(unsigned)  | /       | 11      | 1       | 0       | /       | 0       | 0            | 0            | 0            | 1            | GTP_APM_E1   |
|-----------------------------------------------|---------------------------------------------------------|--------------|--------------|---------|---------|---------|---------|---------|---------|--------------|--------------|--------------|--------------|--------------|
| char_display_5/N60                            | /                                                       | 6(unsigned)  | 3(unsigned)  | /       | 6       | 1       | 0       | /       | 0       | 0            | 0            | 0            | 0            | GTP_APM_E1   |
|-----------------------------------------------|---------------------------------------------------------|--------------|--------------|---------|---------|---------|---------|---------|---------|--------------|--------------|--------------|--------------|--------------|

---------------------------------------------------------------------------------------------------------------------------------------------------------------------------------------------------------------------------------------------------------------------------------------------------------------------------------

--------------------------------------------------------------------------------------------------------------------------------------------------------------------------------------------------------------------------------------------------------------------------------------------------------------------------------------------------------------------------------------------------------
Detailed RTL Component Info :
-----Module Name :
                    ad_da_hdmi_top

-----ROMs :
            1K Bit    (64 x 20 bit)          ROMs := 1
            4K Bit    (256 x 17 bit)          ROMs := 1
            10K Bit    (512 x 20 bit)          ROMs := 1

-----RAMs :
            16 Bit    (16 x 1 bit)          RAMs := 4
            64 Bit    (16 x 4 bit)          RAMs := 1
            160 Bit    (16 x 10 bit)          RAMs := 1
            224 Bit    (16 x 14 bit)          RAMs := 1
            448 Bit    (16 x 28 bit)          RAMs := 2
            352 Bit    (32 x 11 bit)          RAMs := 1
            8K Bit    (512 x 16 bit)          RAMs := 1
            56K Bit    (1024 x 56 bit)          RAMs := 2

Distributed RAM and Block RAM: Final Mapping Report
|-------------------------------------------------------------------------------------------------------------------------------------------------------------------------------------------------------------------------------------------------------------------------------|------------------------|-------------------|---------|
| DPRAM Inst Name                                                                                                                                                                                                                                                               | Size (Depth x Width)   | Primitives        | Count   |
|-------------------------------------------------------------------------------------------------------------------------------------------------------------------------------------------------------------------------------------------------------------------------------|------------------------|-------------------|---------|
| receive/freq_threshold_1                                                                                                                                                                                                                                                      | 256 x 17               |                   |         |
|                                                                                                                                                                                                                                                                               | 256 x 1                | GTP_ROM256X1      | 17      |
|-------------------------------------------------------------------------------------------------------------------------------------------------------------------------------------------------------------------------------------------------------------------------------|------------------------|-------------------|---------|
| wav_display_1/u_fft_process/u_fft_top/u_fft/use_radix2_burst.u_radix2_burst_core/r2_dit_bf/u_im_input_sreg/latency_larger_than_2.u_distram_sreg/u_distributed_shiftregister/u_distributed_sdpram/mem                                                                          | 16 x 28                |                   |         |
|                                                                                                                                                                                                                                                                               | 16 x 1                 | GTP_RAM16X1DP     | 28      |
|-------------------------------------------------------------------------------------------------------------------------------------------------------------------------------------------------------------------------------------------------------------------------------|------------------------|-------------------|---------|
| wav_display_1/u_fft_process/u_fft_top/u_fft/use_radix2_burst.u_radix2_burst_core/r2_dit_bf/u_r2_dit_mult_by_twiddle/u_fft_comp_round/u_im_round/convegent_rouning.u_din_sign_sreg/latency_larger_than_2.u_distram_sreg/u_distributed_shiftregister/u_distributed_sdpram/mem   | 16 x 1                 |                   |         |
|                                                                                                                                                                                                                                                                               | 16 x 1                 | GTP_RAM16X1DP     | 1       |
|-------------------------------------------------------------------------------------------------------------------------------------------------------------------------------------------------------------------------------------------------------------------------------|------------------------|-------------------|---------|
| wav_display_1/u_fft_process/u_fft_top/u_fft/use_radix2_burst.u_radix2_burst_core/r2_dit_bf/u_r2_dit_mult_by_twiddle/u_fft_comp_round/u_re_round/convegent_rouning.u_din_sign_sreg/latency_larger_than_2.u_distram_sreg/u_distributed_shiftregister/u_distributed_sdpram/mem   | 16 x 1                 |                   |         |
|                                                                                                                                                                                                                                                                               | 16 x 1                 | GTP_RAM16X1DP     | 1       |
|-------------------------------------------------------------------------------------------------------------------------------------------------------------------------------------------------------------------------------------------------------------------------------|------------------------|-------------------|---------|
| wav_display_1/u_fft_process/u_fft_top/u_fft/use_radix2_burst.u_radix2_burst_core/r2_dit_bf/u_re_input_sreg/latency_larger_than_2.u_distram_sreg/u_distributed_shiftregister/u_distributed_sdpram/mem                                                                          | 16 x 28                |                   |         |
|                                                                                                                                                                                                                                                                               | 16 x 1                 | GTP_RAM16X1DP     | 28      |
|-------------------------------------------------------------------------------------------------------------------------------------------------------------------------------------------------------------------------------------------------------------------------------|------------------------|-------------------|---------|
| wav_display_1/u_fft_process/u_fft_top/u_fft/use_radix2_burst.u_radix2_burst_core/r2_dit_ctrl/bfcnt_last_sreg/latency_larger_than_2.u_distram_sreg/u_distributed_shiftregister/u_distributed_sdpram/mem                                                                        | 16 x 1                 |                   |         |
|                                                                                                                                                                                                                                                                               | 16 x 1                 | GTP_RAM16X1DP     | 1       |
|-------------------------------------------------------------------------------------------------------------------------------------------------------------------------------------------------------------------------------------------------------------------------------|------------------------|-------------------|---------|
| wav_display_1/u_fft_process/u_fft_top/u_fft/use_radix2_burst.u_radix2_burst_core/r2_dit_ctrl/u_bfcnt_sreg/latency_larger_than_2.u_distram_sreg/u_distributed_shiftregister/u_distributed_sdpram/mem                                                                           | 32 x 11                |                   |         |
|                                                                                                                                                                                                                                                                               | 32 x 1                 | GTP_RAM32X1DP     | 11      |
|-------------------------------------------------------------------------------------------------------------------------------------------------------------------------------------------------------------------------------------------------------------------------------|------------------------|-------------------|---------|
| wav_display_1/u_fft_process/u_fft_top/u_fft/use_radix2_burst.u_radix2_burst_core/r2_dit_ctrl/u_output_p4_sreg/latency_larger_than_2.u_distram_sreg/u_distributed_shiftregister/u_distributed_sdpram/mem                                                                       | 16 x 14                |                   |         |
|                                                                                                                                                                                                                                                                               | 16 x 1                 | GTP_RAM16X1DP     | 14      |
|-------------------------------------------------------------------------------------------------------------------------------------------------------------------------------------------------------------------------------------------------------------------------------|------------------------|-------------------|---------|
| wav_display_1/u_fft_process/u_fft_top/u_fft/use_radix2_burst.u_radix2_burst_core/r2_dit_ctrl/u_output_sreg/latency_larger_than_2.u_distram_sreg/u_distributed_shiftregister/u_distributed_sdpram/mem                                                                          | 16 x 1                 |                   |         |
|                                                                                                                                                                                                                                                                               | 16 x 1                 | GTP_RAM16X1DP     | 1       |
|-------------------------------------------------------------------------------------------------------------------------------------------------------------------------------------------------------------------------------------------------------------------------------|------------------------|-------------------|---------|
| wav_display_1/u_fft_process/u_fft_top/u_fft/use_radix2_burst.u_radix2_burst_core/r2_dit_ctrl/u_raddr_sreg/latency_larger_than_2.u_distram_sreg/u_distributed_shiftregister/u_distributed_sdpram/mem                                                                           | 16 x 10                |                   |         |
|                                                                                                                                                                                                                                                                               | 16 x 1                 | GTP_RAM16X1DP     | 10      |
|-------------------------------------------------------------------------------------------------------------------------------------------------------------------------------------------------------------------------------------------------------------------------------|------------------------|-------------------|---------|
| wav_display_1/u_fft_process/u_fft_top/u_fft/use_radix2_burst.u_radix2_burst_core/r2_dit_ctrl/u_stage_sreg/latency_larger_than_2.u_distram_sreg/u_distributed_shiftregister/u_distributed_sdpram/mem                                                                           | 16 x 4                 |                   |         |
|                                                                                                                                                                                                                                                                               | 16 x 1                 | GTP_RAM16X1DP     | 4       |
|-------------------------------------------------------------------------------------------------------------------------------------------------------------------------------------------------------------------------------------------------------------------------------|------------------------|-------------------|---------|

|------------------------------------------------------------------------------------------------------------------------------------------------------------------------------------|------------------------|-------------------|-------------------|-------------------|-------------------|
| Inst Name                                                                                                                                                                          | Size (Depth x Width)   | Write_Mode_A      | Write_Mode_B      | Ram_Mode          | Primitives        |
|------------------------------------------------------------------------------------------------------------------------------------------------------------------------------------|------------------------|-------------------|-------------------|-------------------|-------------------|
| hdmi_color/ms72xx_ctl/ms7200_ctl/N1219_3_concat_3                                                                                                                                  | 512 x 20               |                   |                   |                   |                   |
|                                  N1219_3_concat_3                                                                                                                                  | 512 x 20               | NORMAL_WRITE      | /                 | SINGLE_PORT       | GTP_DRM18K        |
|------------------------------------------------------------------------------------------------------------------------------------------------------------------------------------|------------------------|-------------------|-------------------|-------------------|-------------------|
| hdmi_color/ms72xx_ctl/ms7210_ctl/N325_2_concat_2                                                                                                                                   | 64 x 20                |                   |                   |                   |                   |
|                                  N325_2_concat_2                                                                                                                                   | 64 x 20                | NORMAL_WRITE      | /                 | SINGLE_PORT       | GTP_DRM9K         |
|------------------------------------------------------------------------------------------------------------------------------------------------------------------------------------|------------------------|-------------------|-------------------|-------------------|-------------------|
| wav_display_1/u_fft_process/u_fft_top/u_fft/use_radix2_burst.u_radix2_burst_core/r2_dit_bf/u_r2_dit_mult_by_twiddle/u_twiddle_gen/u_sin_rom/use_drm.u_sin_drm_rom/sin_rom_used_2   | 512 x 16               |                   |                   |                   |                   |
|                                                                                                                                                                   sin_rom_used_2   | 512 x 16               | NORMAL_WRITE      | NORMAL_WRITE      | TRUE_DUAL_PORT    | GTP_DRM9K         |
|------------------------------------------------------------------------------------------------------------------------------------------------------------------------------------|------------------------|-------------------|-------------------|-------------------|-------------------|
| wav_display_1/u_fft_process/u_fft_top/u_fft/use_radix2_burst.u_radix2_burst_core/u_sdpram0/use_drm.u_drm_sdpram/mem                                                                | 1 K x 56               |                   |                   |                   |                   |
|                                                                                                                 mem_1_1_0                                                          | 1 K x 16               | NORMAL_WRITE      | NORMAL_WRITE      | SIMPLE_DUAL_PORT  | GTP_DRM18K        |
|                                                                                                                 mem_1_1_1                                                          | 1 K x 8                | NORMAL_WRITE      | NORMAL_WRITE      | SIMPLE_DUAL_PORT  | GTP_DRM9K         |
|                                                                                                                 mem_1_0                                                            | 1 K x 16               | NORMAL_WRITE      | NORMAL_WRITE      | SIMPLE_DUAL_PORT  | GTP_DRM18K        |
|                                                                                                                 mem_0                                                              | 1 K x 16               | NORMAL_WRITE      | NORMAL_WRITE      | SIMPLE_DUAL_PORT  | GTP_DRM18K        |
|------------------------------------------------------------------------------------------------------------------------------------------------------------------------------------|------------------------|-------------------|-------------------|-------------------|-------------------|
| wav_display_1/u_fft_process/u_fft_top/u_fft/use_radix2_burst.u_radix2_burst_core/u_sdpram1/use_drm.u_drm_sdpram/mem                                                                | 1 K x 56               |                   |                   |                   |                   |
|                                                                                                                 mem_1_1_0                                                          | 1 K x 16               | NORMAL_WRITE      | NORMAL_WRITE      | SIMPLE_DUAL_PORT  | GTP_DRM18K        |
|                                                                                                                 mem_1_0                                                            | 1 K x 16               | NORMAL_WRITE      | NORMAL_WRITE      | SIMPLE_DUAL_PORT  | GTP_DRM18K        |
|                                                                                                                 mem_1_1_1                                                          | 1 K x 8                | NORMAL_WRITE      | NORMAL_WRITE      | SIMPLE_DUAL_PORT  | GTP_DRM9K         |
|                                                                                                                 mem_0                                                              | 1 K x 16               | NORMAL_WRITE      | NORMAL_WRITE      | SIMPLE_DUAL_PORT  | GTP_DRM18K        |
|------------------------------------------------------------------------------------------------------------------------------------------------------------------------------------|------------------------|-------------------|-------------------|-------------------|-------------------|

--------------------------------------------------------------------------------------------------------------------------------------------------------------------------------------------------------------------------------------------------------------------------------------------------------------------------------------------------------------------------------------------------------

