#Build: Fabric Compiler 2022.2-SP6.4, Build 146967, Jan 31 01:39 2024
#Install: D:\pds\PDS_2022.2-SP6.4\bin
#Application name: pds_shell.exe
#OS: Windows 10 10.0.19045
#Hostname: LAPTOP-IN7AKH45
Generated by Fabric Compiler (version 2022.2-SP6.4 build 146967) at Thu Nov  6 15:50:24 2025
Compiling verification operator library.
Compiling common defs.
Compiling prim grid devices.
Compiling gate devices.
Compiling gate operators.
Building architecture model.
Loading device packaging model.
Reading design from pnr DB.
Start Report Post-PnR timing.
Constructing timing graph ...
Timing graph has been constructed successfully
W: Timing-4086: Port 'iic_tx_sda' is not constrained, it is treated as combinational input.
W: Timing-4087: Port 'iic_tx_sda' is not constrained, it is treated as combinational output.
W: Timing-4087: Port 'ad_clk' is not constrained, it is treated as combinational output.
W: Timing-4087: Port 'ad_clk_2' is not constrained, it is treated as combinational output.
W: Timing-4087: Port 'iic_tx_scl' is not constrained, it is treated as combinational output.
W: Timing-4087: Port 'led_int' is not constrained, it is treated as combinational output.
W: Timing-4087: Port 'led_thre' is not constrained, it is treated as combinational output.
W: Timing-4087: Port 'led_thre_2' is not constrained, it is treated as combinational output.
W: Timing-4087: Port 'rstn_out' is not constrained, it is treated as combinational output.
W: Timing-4087: Port 'vout_clk' is not constrained, it is treated as combinational output.
W: Timing-4087: Port 'vout_data[0]' is not constrained, it is treated as combinational output.
W: Timing-4087: Port 'vout_data[1]' is not constrained, it is treated as combinational output.
W: Timing-4087: Port 'vout_data[2]' is not constrained, it is treated as combinational output.
W: Timing-4087: Port 'vout_data[3]' is not constrained, it is treated as combinational output.
W: Timing-4087: Port 'vout_data[4]' is not constrained, it is treated as combinational output.
W: Timing-4087: Port 'vout_data[5]' is not constrained, it is treated as combinational output.
W: Timing-4087: Port 'vout_data[6]' is not constrained, it is treated as combinational output.
W: Timing-4087: Port 'vout_data[7]' is not constrained, it is treated as combinational output.
W: Timing-4087: Port 'vout_data[8]' is not constrained, it is treated as combinational output.
W: Timing-4087: Port 'vout_data[9]' is not constrained, it is treated as combinational output.
W: Timing-4087: Port 'vout_data[10]' is not constrained, it is treated as combinational output.
W: Timing-4087: Port 'vout_data[11]' is not constrained, it is treated as combinational output.
W: Timing-4087: Port 'vout_data[12]' is not constrained, it is treated as combinational output.
W: Timing-4087: Port 'vout_data[13]' is not constrained, it is treated as combinational output.
W: Timing-4087: Port 'vout_data[14]' is not constrained, it is treated as combinational output.
W: Timing-4087: Port 'vout_data[15]' is not constrained, it is treated as combinational output.
W: Timing-4087: Port 'vout_data[16]' is not constrained, it is treated as combinational output.
W: Timing-4087: Port 'vout_data[17]' is not constrained, it is treated as combinational output.
W: Timing-4087: Port 'vout_data[18]' is not constrained, it is treated as combinational output.
W: Timing-4087: Port 'vout_data[19]' is not constrained, it is treated as combinational output.
W: Timing-4087: Port 'vout_data[20]' is not constrained, it is treated as combinational output.
W: Timing-4087: Port 'vout_data[21]' is not constrained, it is treated as combinational output.
W: Timing-4087: Port 'vout_data[22]' is not constrained, it is treated as combinational output.
W: Timing-4087: Port 'vout_data[23]' is not constrained, it is treated as combinational output.
W: Timing-4087: Port 'vout_de' is not constrained, it is treated as combinational output.
W: Timing-4087: Port 'vout_hs' is not constrained, it is treated as combinational output.
W: Timing-4087: Port 'vout_vs' is not constrained, it is treated as combinational output.
W: Timing-4086: Port 'ad_data_1[0]' is not constrained, it is treated as combinational input.
W: Timing-4086: Port 'ad_data_1[1]' is not constrained, it is treated as combinational input.
W: Timing-4086: Port 'ad_data_1[2]' is not constrained, it is treated as combinational input.
W: Timing-4086: Port 'ad_data_1[3]' is not constrained, it is treated as combinational input.
W: Timing-4086: Port 'ad_data_1[4]' is not constrained, it is treated as combinational input.
W: Timing-4086: Port 'ad_data_1[5]' is not constrained, it is treated as combinational input.
W: Timing-4086: Port 'ad_data_1[6]' is not constrained, it is treated as combinational input.
W: Timing-4086: Port 'ad_data_1[7]' is not constrained, it is treated as combinational input.
W: Timing-4086: Port 'ad_data_1[8]' is not constrained, it is treated as combinational input.
W: Timing-4086: Port 'ad_data_1[9]' is not constrained, it is treated as combinational input.
W: Timing-4086: Port 'ad_data_1[10]' is not constrained, it is treated as combinational input.
W: Timing-4086: Port 'ad_data_1[11]' is not constrained, it is treated as combinational input.
W: Timing-4086: Port 'ad_data_1[12]' is not constrained, it is treated as combinational input.
W: Timing-4086: Port 'ad_data_1[13]' is not constrained, it is treated as combinational input.
W: Timing-4086: Port 'ad_data_1[14]' is not constrained, it is treated as combinational input.
W: Timing-4086: Port 'ad_data_1[15]' is not constrained, it is treated as combinational input.
W: Timing-4086: Port 'ad_data_2[0]' is not constrained, it is treated as combinational input.
W: Timing-4086: Port 'ad_data_2[1]' is not constrained, it is treated as combinational input.
W: Timing-4086: Port 'ad_data_2[2]' is not constrained, it is treated as combinational input.
W: Timing-4086: Port 'ad_data_2[3]' is not constrained, it is treated as combinational input.
W: Timing-4086: Port 'ad_data_2[4]' is not constrained, it is treated as combinational input.
W: Timing-4086: Port 'ad_data_2[5]' is not constrained, it is treated as combinational input.
W: Timing-4086: Port 'ad_data_2[6]' is not constrained, it is treated as combinational input.
W: Timing-4086: Port 'ad_data_2[7]' is not constrained, it is treated as combinational input.
W: Timing-4086: Port 'ad_data_2[8]' is not constrained, it is treated as combinational input.
W: Timing-4086: Port 'ad_data_2[9]' is not constrained, it is treated as combinational input.
W: Timing-4086: Port 'ad_data_2[10]' is not constrained, it is treated as combinational input.
W: Timing-4086: Port 'ad_data_2[11]' is not constrained, it is treated as combinational input.
W: Timing-4086: Port 'ad_data_2[12]' is not constrained, it is treated as combinational input.
W: Timing-4086: Port 'ad_data_2[13]' is not constrained, it is treated as combinational input.
W: Timing-4086: Port 'ad_data_2[14]' is not constrained, it is treated as combinational input.
W: Timing-4086: Port 'ad_data_2[15]' is not constrained, it is treated as combinational input.
W: Timing-4086: Port 'button_phase' is not constrained, it is treated as combinational input.
W: Timing-4086: Port 'key_thre_down' is not constrained, it is treated as combinational input.
W: Timing-4086: Port 'key_thre_up' is not constrained, it is treated as combinational input.
W: Timing-4086: Port 'rst_n' is not constrained, it is treated as combinational input.
W: Timing-4086: Port 'uatx' is not constrained, it is treated as combinational input.
Report timing is finished successfully.
Action report_timing: Real time elapsed is 0h:0m:13s
Action report_timing: CPU time elapsed is 0h:0m:11s
Action report_timing: Process CPU time elapsed is 0h:0m:13s
Current time: Thu Nov  6 15:50:35 2025
Action report_timing: Peak memory pool usage is 1,092 MB
