IP Generator (Version 2022.2-SP6.4 build 146967)
Check out license ...
Start generating at 2025-10-25 13:32
Instance: rom_char (C:\Users\LENOVO\Desktop\17_fft_HDMI\ipcore\rom_char\rom_char.idf)
IP: Pango DRM Based ROM (1.7)
Part: Logos-PGL50H-FBG484--5
Create directory 'rtl' ...
Copy 'rtl\ipml_rom_v1_7.v.xml' to 'rtl' ...
Copy 'rtl\ipml_spram_v1_7.v.xml' to 'rtl' ...
Compile file 'rtl\ipml_spram_v1_7.v.xml' to 'rtl\ipml_spram_v1_7_rom_char.v' ...
Compile file 'rtl\ipml_rom_v1_7.v.xml' to 'rtl\ipml_rom_v1_7_rom_char.v' ...
Copy 'ipml_rom_wrapper_v1_7.v.xml' ...
Compile file 'ipml_rom_wrapper_v1_7.v.xml' to 'rom_char.v' ...
Found top module 'rom_char' in file 'rom_char.v'.
Copy 'ipml_rom_wrapper_v1_3_tb.v.xml' ...
Compile file 'ipml_rom_wrapper_v1_3_tb.v.xml' to 'rom_char_tb.v' ...
Copy 'init_param_bin_exmp.dat' ...
Copy 'init_param_hex_exmp.dat' ...
Run file 'createParam.tcl' ...
Create template file 'rom_char_tmpl.v' ...
Create template file 'rom_char_tmpl.vhdl' ...
There are 3 source files to synthesize.
Synthesis is disabled.
Done: 0 error(s), 0 warning(s)
